2025-01-23 11:12:27,257 - INFO - Processing product 1/331: MSI Prestige 13 AI+ A2VMG Ultra 7 258V (040VN) (https://www.thegioididong.com/laptop/msi-prestige-13-ai-a2vmg-ultra-7-258v-040vn)
2025-01-23 11:12:28,244 - INFO - Successfully processed product: MSI Prestige 13 AI+ A2VMG Ultra 7 258V (040VN)
2025-01-23 11:12:29,268 - INFO - Processing product 2/331: MSI Prestige 13 AI Evo A1MG Ultra 7 155H (062VN) (https://www.thegioididong.com/laptop/msi-prestige-13-ai-evo-a1mg-ultra-7-062vn)
2025-01-23 11:12:30,626 - INFO - Successfully processed product: MSI Prestige 13 AI Evo A1MG Ultra 7 155H (062VN)
2025-01-23 11:12:33,625 - INFO - Processing product 3/331: Samsung Galaxy Chromebook Go XE310XDA N4500 (https://www.thegioididong.com/laptop/samsung-galaxy-chromebook-go-xe310xda-n4500)
2025-01-23 11:12:35,266 - INFO - Successfully processed product: Samsung Galaxy Chromebook Go XE310XDA N4500
2025-01-23 11:12:37,804 - INFO - Processing product 4/331: Lenovo ThinkPad X1 Carbon Ultra 7 155H (21KC008SVN) (https://www.thegioididong.com/laptop/lenovo-thinkpad-x1-carbon-ultra-7-21kc008svn)
2025-01-23 11:12:38,997 - INFO - Successfully processed product: Lenovo ThinkPad X1 Carbon Ultra 7 155H (21KC008SVN)
2025-01-23 11:12:40,476 - INFO - Processing product 5/331: Lenovo ThinkPad X1 Carbon Ultra 7 155H (21KC008NVN) (https://www.thegioididong.com/laptop/lenovo-thinkpad-x1-carbon-ultra-7-21kc008nvn)
2025-01-23 11:12:47,641 - INFO - Successfully processed product: Lenovo ThinkPad X1 Carbon Ultra 7 155H (21KC008NVN)
2025-01-23 11:12:50,020 - INFO - Processing product 6/331: Lenovo ThinkPad X1 Carbon Ultra 7 165U (21KC00AGVN) (https://www.thegioididong.com/laptop/lenovo-thinkpad-x1-carbon-ultra-7-21kc00agvn)
2025-01-23 11:12:54,992 - INFO - Successfully processed product: Lenovo ThinkPad X1 Carbon Ultra 7 165U (21KC00AGVN)
2025-01-23 11:12:57,249 - INFO - Processing product 7/331: Samsung Galaxy Chromebook Go XE340XDA N4500 (https://www.thegioididong.com/laptop/samsung-galaxy-chromebook-go-xe340xda-n4500)
2025-01-23 11:12:58,127 - INFO - Successfully processed product: Samsung Galaxy Chromebook Go XE340XDA N4500
2025-01-23 11:13:00,388 - INFO - Processing product 8/331: Lenovo Thinkpad X13 Ultra 5 125U (21LU004NVN) (https://www.thegioididong.com/laptop/lenovo-thinkpad-x13-ultra-5-21lu004nvn)
2025-01-23 11:13:01,554 - INFO - Successfully processed product: Lenovo Thinkpad X13 Ultra 5 125U (21LU004NVN)
2025-01-23 11:13:02,788 - INFO - Processing product 9/331: Lenovo Thinkpad X13 Ultra 7 155H (21LU004LVN) (https://www.thegioididong.com/laptop/lenovo-thinkpad-x13-ultra-7-21lu004lvn)
2025-01-23 11:13:03,622 - INFO - Successfully processed product: Lenovo Thinkpad X13 Ultra 7 155H (21LU004LVN)
2025-01-23 11:13:05,768 - INFO - Processing product 10/331: Dell XPS 13 9340 Ultra 7 155H (HXRGT) (https://www.thegioididong.com/laptop/dell-xps-13-9340-ultra-7-hxrgt)
2025-01-23 11:13:06,385 - INFO - Successfully processed product: Dell XPS 13 9340 Ultra 7 155H (HXRGT)
2025-01-23 11:13:07,542 - INFO - Processing product 11/331: Asus Zenbook 14 OLED UX3405MA Ultra 5 125H (https://www.thegioididong.com/laptop/asus-zenbook-14-oled-ux3405ma-ultra-5-pp151w?utm_flashsale=1)
2025-01-23 11:13:08,191 - INFO - Successfully processed product: Asus Zenbook 14 OLED UX3405MA Ultra 5 125H
2025-01-23 11:13:10,430 - INFO - Processing product 12/331: Asus Zenbook S 14 UX5406SA Ultra 7 258V (PV140WS) (https://www.thegioididong.com/laptop/asus-ux5406sa-ultra-7-pv140ws)
2025-01-23 11:13:11,242 - INFO - Successfully processed product: Asus Zenbook S 14 UX5406SA Ultra 7 258V (PV140WS)
2025-01-23 11:13:12,850 - INFO - Processing product 13/331: Asus Zenbook 14 OLED UX3405MA Ultra 9 185H (PP475W) (https://www.thegioididong.com/laptop/asus-zenbook-14-oled-ux3405ma-ultra-9-pp475w?utm_flashsale=1)
2025-01-23 11:13:15,244 - INFO - Successfully processed product: Asus Zenbook 14 OLED UX3405MA Ultra 9 185H (PP475W)
2025-01-23 11:13:17,078 - INFO - Processing product 14/331: Asus Zenbook 14 OLED UX3405MA Ultra 7 155H (PP152W) (https://www.thegioididong.com/laptop/asus-zenbook-14-oled-ux3405ma-ultra-7-pp152w?utm_flashsale=1)
2025-01-23 11:13:18,027 - INFO - Successfully processed product: Asus Zenbook 14 OLED UX3405MA Ultra 7 155H (PP152W)
2025-01-23 11:13:20,276 - INFO - Processing product 15/331: HP Elitebook 630 G10 i7 1355U (873F2PA) (https://www.thegioididong.com/laptop/hp-elitebook-630-g10-i7-873f2pa)
2025-01-23 11:13:21,548 - INFO - Successfully processed product: HP Elitebook 630 G10 i7 1355U (873F2PA)
2025-01-23 11:13:22,714 - INFO - Processing product 16/331: HP Elitebook 630 G10 i5 1335U (9J0B5PT) (https://www.thegioididong.com/laptop/hp-elitebook-630-g10-i5-9j0b5pt)
2025-01-23 11:13:24,008 - INFO - Successfully processed product: HP Elitebook 630 G10 i5 1335U (9J0B5PT)
2025-01-23 11:13:25,668 - INFO - Processing product 17/331: HP Elitebook 630 G10 i5 1335U (9J0B4PT) (https://www.thegioididong.com/laptop/hp-elitebook-630-g10-i5-19j0b4pt)
2025-01-23 11:13:27,282 - INFO - Successfully processed product: HP Elitebook 630 G10 i5 1335U (9J0B4PT)
2025-01-23 11:13:29,545 - INFO - Processing product 18/331: Dell XPS 13 9340 Ultra 5 125H (XPSU5934W1) (https://www.thegioididong.com/laptop/dell-xps-13-9340-ultra-5-xpsu5934w1)
2025-01-23 11:13:31,108 - INFO - Successfully processed product: Dell XPS 13 9340 Ultra 5 125H (XPSU5934W1)
2025-01-23 11:13:32,649 - INFO - Processing product 19/331: MacBook Air 13 inch M2 2022 8-core CPU (https://www.thegioididong.com/laptop/apple-macbook-air-m2-2022)
2025-01-23 11:13:33,353 - INFO - Successfully processed product: MacBook Air 13 inch M2 2022 8-core CPU
2025-01-23 11:13:35,831 - INFO - Processing product 20/331: MacBook Air 13 inch M3 (https://www.thegioididong.com/laptop/macbook-air-13-inch-m3-2024-16gb-256gb)
2025-01-23 11:13:36,327 - INFO - Successfully processed product: MacBook Air 13 inch M3
2025-01-23 11:13:38,985 - INFO - Processing product 21/331: MacBook Air 13 inch M3 8GPU (https://www.thegioididong.com/laptop/macbook-air-13-inch-m3-16gb-256gb-8gpu)
2025-01-23 11:13:39,786 - INFO - Successfully processed product: MacBook Air 13 inch M3 8GPU
2025-01-23 11:13:42,046 - INFO - Processing product 22/331: MacBook Air 13 inch M2 10GPU (https://www.thegioididong.com/laptop/apple-macbook-air-m2-2022-16gb-256gb-10gpu)
2025-01-23 11:13:42,736 - INFO - Successfully processed product: MacBook Air 13 inch M2 10GPU
2025-01-23 11:13:44,758 - INFO - Processing product 23/331: MacBook Air 13 inch M3 (https://www.thegioididong.com/laptop/macbook-air-13-m3-24gb-512gb)
2025-01-23 11:13:47,350 - INFO - Successfully processed product: MacBook Air 13 inch M3
2025-01-23 11:13:50,002 - INFO - Processing product 24/331: MacBook Air 13 inch M2 (https://www.thegioididong.com/laptop/macbook-air-13-m2-24gb-512gb)
2025-01-23 11:13:52,513 - INFO - Successfully processed product: MacBook Air 13 inch M2
2025-01-23 11:13:55,155 - INFO - Processing product 25/331: Acer Swift Go 14 41 R251 R5 7430U (NX.KG3SV.005) (https://www.thegioididong.com/laptop/acer-swift-go-14-41-r251-r5-nxkg3sv005)
2025-01-23 11:13:55,580 - INFO - Successfully processed product: Acer Swift Go 14 41 R251 R5 7430U (NX.KG3SV.005)
2025-01-23 11:13:58,310 - INFO - Processing product 26/331: Acer Swift AI SF14 51 53P9 Ultra 5 226V (NX.J2KSV.002) (https://www.thegioididong.com/laptop/acer-swift-ai-sf14-51-53p9-ultra-5-nxj2ksv002)
2025-01-23 11:14:00,929 - INFO - Successfully processed product: Acer Swift AI SF14 51 53P9 Ultra 5 226V (NX.J2KSV.002)
2025-01-23 11:14:03,314 - INFO - Processing product 27/331: Acer Swift AI SF14 51 75VP Ultra 7 258V (NX.J2KSV.001) (https://www.thegioididong.com/laptop/acer-swift-ai-sf14-51-75vp-ultra-7-nxj2ksv001)
2025-01-23 11:14:03,781 - INFO - Successfully processed product: Acer Swift AI SF14 51 75VP Ultra 7 258V (NX.J2KSV.001)
2025-01-23 11:14:05,252 - INFO - Processing product 28/331: Acer Swift Lite 14 AI SFL14 51M 56HS Ultra 5 125U (NX.J1HSV.002) (https://www.thegioididong.com/laptop/acer-swift-lite-14-ai-sfl14-51m-56hs-ultra-5-nxj1hsv002)
2025-01-23 11:14:07,275 - INFO - Successfully processed product: Acer Swift Lite 14 AI SFL14 51M 56HS Ultra 5 125U (NX.J1HSV.002)
2025-01-23 11:14:09,788 - INFO - Processing product 29/331: HP Elitebook 630 G10 i7 1355U (9H1N9PT) (https://www.thegioididong.com/laptop/hp-elitebook-630-g10-i7-9h1n9pt)
2025-01-23 11:14:11,471 - INFO - Successfully processed product: HP Elitebook 630 G10 i7 1355U (9H1N9PT)
2025-01-23 11:14:12,480 - INFO - Processing product 30/331: MacBook Air 13 inch M1 (https://www.thegioididong.com/laptop/apple-macbook-air-2020-mgn63saa)
2025-01-23 11:14:12,912 - INFO - Successfully processed product: MacBook Air 13 inch M1
2025-01-23 11:14:15,747 - INFO - Processing product 31/331: Asus Vivobook S 14 S5406SA Ultra 5 226V (PP060WS) (https://www.thegioididong.com/laptop/asus-vivobook-s-14-s5406sa-ultra-5-pp060ws)
2025-01-23 11:14:16,197 - INFO - Successfully processed product: Asus Vivobook S 14 S5406SA Ultra 5 226V (PP060WS)
2025-01-23 11:14:17,624 - INFO - Processing product 32/331: Asus Vivobook S 14 OLED S5406MA Ultra 5 125H (PP136W) (https://www.thegioididong.com/laptop/asus-vivobook-s-14-oled-s5406ma-ultra-5-pp136w)
2025-01-23 11:14:18,228 - INFO - Successfully processed product: Asus Vivobook S 14 OLED S5406MA Ultra 5 125H (PP136W)
2025-01-23 11:14:19,839 - INFO - Processing product 33/331: Asus Vivobook S 14 S5406MA Ultra 5 125H (PP046WS) (https://www.thegioididong.com/laptop/asus-vivobook-s-14-s5406ma-ultra-5-pp046ws)
2025-01-23 11:14:21,314 - INFO - Successfully processed product: Asus Vivobook S 14 S5406MA Ultra 5 125H (PP046WS)
2025-01-23 11:14:24,088 - INFO - Processing product 34/331: Acer Swift Go SFG14 71 74CP i7 13700H (NX.KPZSV.004) (https://www.thegioididong.com/laptop/acer-swift-go-sfg14-71-74cp-i7-nxkpzsv004)
2025-01-23 11:14:26,647 - INFO - Successfully processed product: Acer Swift Go SFG14 71 74CP i7 13700H (NX.KPZSV.004)
2025-01-23 11:14:28,665 - INFO - Processing product 35/331: Acer Swift Go SFG14 71 513F i5 13500H (NX.KPZSV.003) (https://www.thegioididong.com/laptop/acer-swift-go-sfg14-71-513f-i5-nxkpzsv003)
2025-01-23 11:14:29,712 - INFO - Successfully processed product: Acer Swift Go SFG14 71 513F i5 13500H (NX.KPZSV.003)
2025-01-23 11:14:30,897 - INFO - Processing product 36/331: Asus Vivobook S 14 S5406SA Ultra 7 258V (PP059WS) (https://www.thegioididong.com/laptop/asus-vivobook-s-14-s5406sa-ultra-7-pp059ws)
2025-01-23 11:14:31,320 - INFO - Successfully processed product: Asus Vivobook S 14 S5406SA Ultra 7 258V (PP059WS)
2025-01-23 11:14:33,747 - INFO - Processing product 37/331: Acer Swift Go 14 AI SFG14 73 71ZX Ultra 7 155H (NX.KSLSV.002) (https://www.thegioididong.com/laptop/acer-swift-go-14-ai-73-71zx-ultra-7-nxkslsv002)
2025-01-23 11:14:34,467 - INFO - Successfully processed product: Acer Swift Go 14 AI SFG14 73 71ZX Ultra 7 155H (NX.KSLSV.002)
2025-01-23 11:14:37,376 - INFO - Processing product 38/331: Acer Swift Go 14 AI SFG14 73 53X7 Ultra 5 125H (NX.KSLSV.001) (https://www.thegioididong.com/laptop/acer-swift-go-14-ai-73-53x7-ultra-5-nxkslsv001)
2025-01-23 11:14:38,110 - INFO - Successfully processed product: Acer Swift Go 14 AI SFG14 73 53X7 Ultra 5 125H (NX.KSLSV.001)
2025-01-23 11:14:39,318 - INFO - Processing product 39/331: HP Elitebook 630 G11 Ultra 7 155U (A7LC5PT) (https://www.thegioididong.com/laptop/hp-elitebook-630-g11-ultra-7-a7lc5pt)
2025-01-23 11:14:40,338 - INFO - Successfully processed product: HP Elitebook 630 G11 Ultra 7 155U (A7LC5PT)
2025-01-23 11:14:43,159 - INFO - Processing product 40/331: HP Elitebook 630 G11 Ultra 5 125U (A7LL8PT) (https://www.thegioididong.com/laptop/hp-elitebook-630-g11-ultra-5-a7ll8pt)
2025-01-23 11:14:43,748 - INFO - Successfully processed product: HP Elitebook 630 G11 Ultra 5 125U (A7LL8PT)
2025-01-23 11:14:45,006 - INFO - Processing product 41/331: HP 245 G10 R5 7530U (A20TDPT) (https://www.thegioididong.com/laptop/hp-245-g10-r5-a20tdpt)
2025-01-23 11:14:45,572 - INFO - Successfully processed product: HP 245 G10 R5 7530U (A20TDPT)
2025-01-23 11:14:47,943 - INFO - Processing product 42/331: HP 240 G10 i5 1335U (9H2E4PT) (https://www.thegioididong.com/laptop/hp-240-g10-i5-9h2e4pt)
2025-01-23 11:14:49,280 - INFO - Successfully processed product: HP 240 G10 i5 1335U (9H2E4PT)
2025-01-23 11:14:51,203 - INFO - Processing product 43/331: Lenovo V14 Core 5 120U (83HD0001VN) (https://www.thegioididong.com/laptop/lenovo-v14-core-5-83hd0001vn)
2025-01-23 11:14:52,149 - INFO - Successfully processed product: Lenovo V14 Core 5 120U (83HD0001VN)
2025-01-23 11:14:54,757 - INFO - Processing product 44/331: Lenovo ThinkBook 14 Ultra 7 155U (21MR0072VN) (https://www.thegioididong.com/laptop/lenovo-thinkbook-14-ultra-7-21mr0072vn)
2025-01-23 11:14:55,629 - INFO - Successfully processed product: Lenovo ThinkBook 14 Ultra 7 155U (21MR0072VN)
2025-01-23 11:14:57,588 - INFO - Processing product 45/331: Lenovo ThinkBook 14 G6 i7 1355U (21KG00BQVN) (https://www.thegioididong.com/laptop/lenovo-thinkbook-14-g6-i7-21kg00bqvn)
2025-01-23 11:14:58,094 - INFO - Successfully processed product: Lenovo ThinkBook 14 G6 i7 1355U (21KG00BQVN)
2025-01-23 11:15:00,316 - INFO - Processing product 46/331: Lenovo ThinkBook 14 G7 Ultra 7 155U (21MR0070VN) (https://www.thegioididong.com/laptop/lenovo-thinkbook-14-g7-ultra-7-21mr0070vn)
2025-01-23 11:15:01,428 - INFO - Successfully processed product: Lenovo ThinkBook 14 G7 Ultra 7 155U (21MR0070VN)
2025-01-23 11:15:03,976 - INFO - Processing product 47/331: HP Envy x360 14 fc0089TU Ultra 7 155U (A19BZPA) (https://www.thegioididong.com/laptop/hp-envy-x360-14-fc0089tu-ultra-7-a19bzpa)
2025-01-23 11:15:05,370 - INFO - Successfully processed product: HP Envy x360 14 fc0089TU Ultra 7 155U (A19BZPA)
2025-01-23 11:15:07,098 - INFO - Processing product 48/331: HP Envy X360 14 fa0048AU R7 8840HS (A19BQPA) (https://www.thegioididong.com/laptop/hp-envy-x360-14-fa0048au-r7-a19bqpa)
2025-01-23 11:15:07,695 - INFO - Successfully processed product: HP Envy X360 14 fa0048AU R7 8840HS (A19BQPA)
2025-01-23 11:15:10,254 - INFO - Processing product 49/331: HP Envy x360 14 fc0162TU Ultra 5 125U (AY8X1PA) (https://www.thegioididong.com/laptop/hp-envy-x360-14-fc0162tu-ultra-5-ay8x1pa)
2025-01-23 11:15:11,720 - INFO - Successfully processed product: HP Envy x360 14 fc0162TU Ultra 5 125U (AY8X1PA)
2025-01-23 11:15:12,988 - INFO - Processing product 50/331: HP Envy X360 14 fa0097AU R5 8640HS (AY8U7PA) (https://www.thegioididong.com/laptop/hp-envy-x360-14-fa0097au-r5-ay8u7pa)
2025-01-23 11:15:14,643 - INFO - Successfully processed product: HP Envy X360 14 fa0097AU R5 8640HS (AY8U7PA)
2025-01-23 11:15:15,686 - INFO - Processing product 51/331: HP Envy x360 14 fc0094TU Ultra 5 125U (A19C4PA) (https://www.thegioididong.com/laptop/hp-envy-x360-14-fc0094tu-ultra-5-a19c4pa)
2025-01-23 11:15:16,297 - INFO - Successfully processed product: HP Envy x360 14 fc0094TU Ultra 5 125U (A19C4PA)
2025-01-23 11:15:17,606 - INFO - Processing product 52/331: HP Envy X360 14 fa0050AU R5 8640HS (A29H8PA) (https://www.thegioididong.com/laptop/hp-envy-x360-14-fa0050au-r5-a29h8pa)
2025-01-23 11:15:20,248 - INFO - Successfully processed product: HP Envy X360 14 fa0050AU R5 8640HS (A29H8PA)
2025-01-23 11:15:22,481 - INFO - Processing product 53/331: Asus Zenbook 14 OLED UX3402VA i5 13500H (KM657W) (https://www.thegioididong.com/laptop/asus-zenbook-14-oled-i5-km657w?utm_flashsale=1)
2025-01-23 11:15:23,116 - INFO - Successfully processed product: Asus Zenbook 14 OLED UX3402VA i5 13500H (KM657W)
2025-01-23 11:15:25,150 - INFO - Processing product 54/331: HP Envy X360 14 fc0083TU Ultra 7 155U (A19BSPA) (https://www.thegioididong.com/laptop/hp-envy-x360-14-fc0083tu-ultra-7-a19bspa)
2025-01-23 11:15:26,183 - INFO - Successfully processed product: HP Envy X360 14 fc0083TU Ultra 7 155U (A19BSPA)
2025-01-23 11:15:28,835 - INFO - Processing product 55/331: HP Envy X360 14 fc0153TU Ultra 7 155U (AY8V4PA) (https://www.thegioididong.com/laptop/hp-envy-x360-14-fc0153tu-ultra-7-ay8v4pa)
2025-01-23 11:15:30,597 - INFO - Successfully processed product: HP Envy X360 14 fc0153TU Ultra 7 155U (AY8V4PA)
2025-01-23 11:15:31,930 - INFO - Processing product 56/331: Lenovo Yoga Slim 7 14IMH9 Ultra 7 155H (83CV001VVN) (https://www.thegioididong.com/laptop/lenovo-yoga-7-14imh9-ultra7-83cv001vvn)
2025-01-23 11:15:33,034 - INFO - Successfully processed product: Lenovo Yoga Slim 7 14IMH9 Ultra 7 155H (83CV001VVN)
2025-01-23 11:15:35,933 - INFO - Processing product 57/331: HP Elitebook X360 830 G11 Ultra 7 165U (A7RC0PT) (https://www.thegioididong.com/laptop/hp-elitebook-x360-830-g11-ultra-7-a7rc0pt)
2025-01-23 11:15:37,835 - INFO - Successfully processed product: HP Elitebook X360 830 G11 Ultra 7 165U (A7RC0PT)
2025-01-23 11:15:39,293 - INFO - Processing product 58/331: HP Elitebook X360 830 G11 Ultra 5 135U (A7RB9PT) (https://www.thegioididong.com/laptop/hp-elitebook-x360-830-g11-ultra-5-a7rb9pt)
2025-01-23 11:15:41,550 - INFO - Successfully processed product: HP Elitebook X360 830 G11 Ultra 5 135U (A7RB9PT)
2025-01-23 11:15:43,845 - INFO - Processing product 59/331: Asus Vivobook X1404ZA i3 1215U (NK246W) (https://www.thegioididong.com/laptop/asus-vivobook-x1404za-i3-nk246w)
2025-01-23 11:15:46,095 - INFO - Successfully processed product: Asus Vivobook X1404ZA i3 1215U (NK246W)
2025-01-23 11:15:47,349 - INFO - Processing product 60/331: HP 240 G8 i3 1115G4 (6L1A2PA) (https://www.thegioididong.com/laptop/hp-240-g8-i3-6l1a2pa?utm_flashsale=1)
2025-01-23 11:15:51,104 - INFO - Successfully processed product: HP 240 G8 i3 1115G4 (6L1A2PA)
2025-01-23 11:15:52,132 - INFO - Processing product 61/331: Asus Vivobook 14X OLED K3405VC i5 13500H (KM006W) (https://www.thegioididong.com/laptop/asus-vivobook-14x-oled-k3405vc-i5-km006w)
2025-01-23 11:15:53,060 - INFO - Successfully processed product: Asus Vivobook 14X OLED K3405VC i5 13500H (KM006W)
2025-01-23 11:15:55,981 - INFO - Processing product 62/331: Asus Vivobook 14 X1404VA i5 1335U (NK050W) (https://www.thegioididong.com/laptop/asus-vivobook-14-x1404va-i5-nk050w?utm_flashsale=1)
2025-01-23 11:15:56,766 - INFO - Successfully processed product: Asus Vivobook 14 X1404VA i5 1335U (NK050W)
2025-01-23 11:15:58,642 - INFO - Processing product 63/331: Asus Vivobook X1404ZA i5 1235U (NK376W) (https://www.thegioididong.com/laptop/asus-vivobook-x1404za-i5-nk376w?utm_flashsale=1)
2025-01-23 11:15:59,932 - INFO - Successfully processed product: Asus Vivobook X1404ZA i5 1235U (NK376W)
2025-01-23 11:16:02,050 - INFO - Processing product 64/331: MSI Modern 14 C13M i5 1335U (611VN) (https://www.thegioididong.com/laptop/msi-modern-14-c13m-i5-611vn?utm_flashsale=1)
2025-01-23 11:16:03,220 - INFO - Successfully processed product: MSI Modern 14 C13M i5 1335U (611VN)
2025-01-23 11:16:04,356 - INFO - Processing product 65/331: Acer Aspire 3 A314 42P R3B3 R7 5700U (NX.KSFSV.001) (https://www.thegioididong.com/laptop/acer-aspire-3-a314-42p-r3b3-r7-nxksfsv001)
2025-01-23 11:16:05,076 - INFO - Successfully processed product: Acer Aspire 3 A314 42P R3B3 R7 5700U (NX.KSFSV.001)
2025-01-23 11:16:06,790 - INFO - Processing product 66/331: HP 240 G9 i3 1215U (6L1X7PA) (https://www.thegioididong.com/laptop/hp-240-g9-i3-6l1x7pa?utm_flashsale=1)
2025-01-23 11:16:07,332 - INFO - Successfully processed product: HP 240 G9 i3 1215U (6L1X7PA)
2025-01-23 11:16:08,956 - INFO - Processing product 67/331: HP 240 G9 i3 1215U (AG2J5AT) (https://www.thegioididong.com/laptop/hp-240-g9-i3-ag2j5at)
2025-01-23 11:16:09,478 - INFO - Successfully processed product: HP 240 G9 i3 1215U (AG2J5AT)
2025-01-23 11:16:11,867 - INFO - Processing product 68/331: HP 240 G9 i3 1215U (6L1X8PA) (https://www.thegioididong.com/laptop/hp-240-g9-i3-6l1x8pa)
2025-01-23 11:16:13,891 - INFO - Successfully processed product: HP 240 G9 i3 1215U (6L1X8PA)
2025-01-23 11:16:15,070 - INFO - Processing product 69/331: HP 240 G9 i5 1235U (9T2G2PT) (https://www.thegioididong.com/laptop/hp-240-g9-i5-9t2g2pt)
2025-01-23 11:16:16,076 - INFO - Successfully processed product: HP 240 G9 i5 1235U (9T2G2PT)
2025-01-23 11:16:19,003 - INFO - Processing product 70/331: Asus Vivobook S 15 S5507QA X1E 78 100 (MA090WS) (https://www.thegioididong.com/laptop/asus-s5507qa-x1e-78-100-ma090ws)
2025-01-23 11:16:20,747 - INFO - Successfully processed product: Asus Vivobook S 15 S5507QA X1E 78 100 (MA090WS)
2025-01-23 11:16:22,193 - INFO - Processing product 71/331: Lenovo V14 G4 i7 1355U (83A00012VN) (https://www.thegioididong.com/laptop/lenovo-thinkpad-v14-i7-83a00012vn)
2025-01-23 11:16:22,789 - INFO - Successfully processed product: Lenovo V14 G4 i7 1355U (83A00012VN)
2025-01-23 11:16:24,668 - INFO - Processing product 72/331: Lenovo ThinkPad E14 Ultra 7 155H (21M7004YVN) (https://www.thegioididong.com/laptop/lenovo-thinkpad-e14-ultra-7-21m7004yvn)
2025-01-23 11:16:26,079 - INFO - Successfully processed product: Lenovo ThinkPad E14 Ultra 7 155H (21M7004YVN)
2025-01-23 11:16:28,898 - INFO - Processing product 73/331: Lenovo ThinkPad E14 Gen 6 Ultra 7 155U (21M7004UVN) (https://www.thegioididong.com/laptop/lenovo-thinkpad-e14-ultra-7-21m7004uvn)
2025-01-23 11:16:30,112 - INFO - Successfully processed product: Lenovo ThinkPad E14 Gen 6 Ultra 7 155U (21M7004UVN)
2025-01-23 11:16:31,288 - INFO - Processing product 74/331: HP Spectre X360 14 eu0050TU Ultra 7 155H (A19BLPA) (https://www.thegioididong.com/laptop/hp-spectre-x360-14-eu0050tu-ultra-7-a19blpa)
2025-01-23 11:16:31,670 - INFO - Successfully processed product: HP Spectre X360 14 eu0050TU Ultra 7 155H (A19BLPA)
2025-01-23 11:16:33,255 - INFO - Processing product 75/331: Lenovo ThinkPad E14 Ultra 7 155H (21M70051VN) (https://www.thegioididong.com/laptop/lenovo-thinkpad-e14-ultra-7-21m70051vn)
2025-01-23 11:16:34,796 - INFO - Successfully processed product: Lenovo ThinkPad E14 Ultra 7 155H (21M70051VN)
2025-01-23 11:16:36,381 - INFO - Processing product 76/331: Lenovo ThinkPad E14 Gen 6 Ultra 5 125U (21M7004LVN) (https://www.thegioididong.com/laptop/lenovo-thinkpad-e14-ultra-5-21m7004lvn)
2025-01-23 11:16:36,722 - INFO - Successfully processed product: Lenovo ThinkPad E14 Gen 6 Ultra 5 125U (21M7004LVN)
2025-01-23 11:16:39,369 - INFO - Processing product 77/331: Acer Aspire 5 A514 54 5127 i5 1135G7 (NX.A28SV.007) (https://www.thegioididong.com/laptop/acer-aspire-a514-54-5127-i5-nxa28sv007?utm_flashsale=1)
2025-01-23 11:16:40,330 - INFO - Successfully processed product: Acer Aspire 5 A514 54 5127 i5 1135G7 (NX.A28SV.007)
2025-01-23 11:16:41,452 - INFO - Processing product 78/331: Asus TUF Gaming A14 FA401WV R9 AI HX 370 (RG062WS) (https://www.thegioididong.com/laptop/asus-fa401wv-r9-ai-rg062ws)
2025-01-23 11:16:43,032 - INFO - Successfully processed product: Asus TUF Gaming A14 FA401WV R9 AI HX 370 (RG062WS)
2025-01-23 11:16:44,211 - INFO - Processing product 79/331: Lenovo Ideapad Slim 5 14IAH8 i5 12450H (83BF003WVN) (https://www.thegioididong.com/laptop/lenovo-ideapad-5-14iah8-i5-83bf003wvn?utm_flashsale=1)
2025-01-23 11:16:44,556 - INFO - Successfully processed product: Lenovo Ideapad Slim 5 14IAH8 i5 12450H (83BF003WVN)
2025-01-23 11:16:47,482 - INFO - Processing product 80/331: Asus TUF Gaming A14 FA401WV R9 AI HX 370 (RG061WS) (https://www.thegioididong.com/laptop/asus-fa401wv-r9-ai-hx-370-rg061ws)
2025-01-23 11:16:50,111 - INFO - Successfully processed product: Asus TUF Gaming A14 FA401WV R9 AI HX 370 (RG061WS)
2025-01-23 11:16:51,233 - INFO - Processing product 81/331: HP 240 G9 i5 1235U (6L1Y2PA) (https://www.thegioididong.com/laptop/hp-240-g9-i5-6l1y2pa?utm_flashsale=1)
2025-01-23 11:16:51,842 - INFO - Successfully processed product: HP 240 G9 i5 1235U (6L1Y2PA)
2025-01-23 11:16:53,211 - INFO - Processing product 82/331: HP 240 G9 i5 1235U (AG2J7AT) (https://www.thegioididong.com/laptop/hp-240-g9-i5-ag2j7at)
2025-01-23 11:16:54,738 - INFO - Successfully processed product: HP 240 G9 i5 1235U (AG2J7AT)
2025-01-23 11:16:56,800 - INFO - Processing product 83/331: Lenovo IdeaPad Slim 5 14IMH9 Ultra 5 125H (83DA006TVN) (https://www.thegioididong.com/laptop/lenovo-ideapad-slim-5-14imh9-ultra-5-83da006tvn)
2025-01-23 11:16:58,247 - INFO - Successfully processed product: Lenovo IdeaPad Slim 5 14IMH9 Ultra 5 125H (83DA006TVN)
2025-01-23 11:16:59,678 - INFO - Processing product 84/331: Lenovo IdeaPad Slim 5 14Q8X9 X1P 42 100 (83HL000KVN) (https://www.thegioididong.com/laptop/lenovo-ideapad-slim-5-14q8x9-x1p-42-100-83hl000kvn)
2025-01-23 11:17:00,782 - INFO - Successfully processed product: Lenovo IdeaPad Slim 5 14Q8X9 X1P 42 100 (83HL000KVN)
2025-01-23 11:17:03,198 - INFO - Processing product 85/331: Lenovo IdeaPad Slim 5 14IMH9 Ultra 5 125H (83DA001NVN) (https://www.thegioididong.com/laptop/lenovo-ideapad-slim-5-14imh9-ultra-5-83da001nvn)
2025-01-23 11:17:03,876 - INFO - Successfully processed product: Lenovo IdeaPad Slim 5 14IMH9 Ultra 5 125H (83DA001NVN)
2025-01-23 11:17:06,792 - INFO - Processing product 86/331: Lenovo ThinkPad T14s i7 1355U (21F6007XVN) (https://www.thegioididong.com/laptop/lenovo-thinkpad-t14s-i7-21f6007xvn)
2025-01-23 11:17:08,361 - INFO - Successfully processed product: Lenovo ThinkPad T14s i7 1355U (21F6007XVN)
2025-01-23 11:17:11,047 - INFO - Processing product 87/331: Lenovo IdeaPad Slim 5 14IMH9 Ultra 7 155H (83DA0020VN) (https://www.thegioididong.com/laptop/lenovo-ideapad-slim-5-14imh9-ultra-7-83da0020vn)
2025-01-23 11:17:11,498 - INFO - Successfully processed product: Lenovo IdeaPad Slim 5 14IMH9 Ultra 7 155H (83DA0020VN)
2025-01-23 11:17:12,726 - INFO - Processing product 88/331: Lenovo Ideapad Slim 5 14IMH9 Ultra 7 155H (83DA001YVN) (https://www.thegioididong.com/laptop/lenovo-ideapad-slim-5-14imh9-ultra-7-83da001yvn)
2025-01-23 11:17:13,238 - INFO - Successfully processed product: Lenovo Ideapad Slim 5 14IMH9 Ultra 7 155H (83DA001YVN)
2025-01-23 11:17:15,335 - INFO - Processing product 89/331: Dell Vostro 3420 i5 1235U (V4I5702W1) (https://www.thegioididong.com/laptop/dell-vostro-3420-i5-v4i5702w1)
2025-01-23 11:17:16,832 - INFO - Successfully processed product: Dell Vostro 3420 i5 1235U (V4I5702W1)
2025-01-23 11:17:18,685 - INFO - Processing product 90/331: Lenovo Yoga 7 2in1 14IML9 Ultra 5 125H (83DJ00DMVN) (https://www.thegioididong.com/laptop/lenovo-yoga-7-2in1-14iml9-ultra-5-83dj00dmvn)
2025-01-23 11:17:19,452 - INFO - Successfully processed product: Lenovo Yoga 7 2in1 14IML9 Ultra 5 125H (83DJ00DMVN)
2025-01-23 11:17:21,754 - INFO - Processing product 91/331: Lenovo IdeaPad 5 2in1 14Q8X9 X1P 42 100 (83GH001FVN) (https://www.thegioididong.com/laptop/lenovo-ideapad-5-2in1-14q8x9-x1p-42-100-83gh001fvn)
2025-01-23 11:17:23,312 - INFO - Successfully processed product: Lenovo IdeaPad 5 2in1 14Q8X9 X1P 42 100 (83GH001FVN)
2025-01-23 11:17:25,293 - INFO - Processing product 92/331: Acer Aspire Lite 14 51M 36PN i3 1215U (NX.KTWSV.001) (https://www.thegioididong.com/laptop/acer-aspire-lite-14-51m-36pn-i3-nxktwsv001)
2025-01-23 11:17:25,838 - INFO - Successfully processed product: Acer Aspire Lite 14 51M 36PN i3 1215U (NX.KTWSV.001)
2025-01-23 11:17:26,941 - INFO - Processing product 93/331: Acer Aspire Lite 14 51M 36MH i3 1215U (NX.KTVSV.001) (https://www.thegioididong.com/laptop/acer-aspire-lite-14-51m-36mh-i3-nxktvsv001)
2025-01-23 11:17:27,324 - INFO - Successfully processed product: Acer Aspire Lite 14 51M 36MH i3 1215U (NX.KTVSV.001)
2025-01-23 11:17:29,837 - INFO - Processing product 94/331: Acer Aspire 5 A514 56P 54TN i5 1335U (NX.KHRSV.004) (https://www.thegioididong.com/laptop/acer-aspire-5-a514-56p-54tn-i5-nxkhrsv004)
2025-01-23 11:17:30,433 - INFO - Successfully processed product: Acer Aspire 5 A514 56P 54TN i5 1335U (NX.KHRSV.004)
2025-01-23 11:17:33,317 - INFO - Processing product 95/331: Acer Aspire Lite 14 51M 59BN i5 1235U (NX.KTXSV.001) (https://www.thegioididong.com/laptop/acer-aspire-lite-14-51m-59bn-i5-nxktxsv001)
2025-01-23 11:17:33,729 - INFO - Successfully processed product: Acer Aspire Lite 14 51M 59BN i5 1235U (NX.KTXSV.001)
2025-01-23 11:17:36,309 - INFO - Processing product 96/331: Acer Aspire 5 A514 56P 742F i7 1355U (NX.KHRSV.005) (https://www.thegioididong.com/laptop/acer-aspire-5-a514-56p-742f-i7-nxkhrsv005)
2025-01-23 11:17:38,432 - INFO - Successfully processed product: Acer Aspire 5 A514 56P 742F i7 1355U (NX.KHRSV.005)
2025-01-23 11:17:40,679 - INFO - Processing product 97/331: Asus Vivobook S 16 OLED S5606MA Ultra 5 125H (MX050W) (https://www.thegioididong.com/laptop/asus-vivobook-s-16-oled-s5606ma-ultra-5-mx050w?utm_flashsale=1)
2025-01-23 11:17:42,174 - INFO - Successfully processed product: Asus Vivobook S 16 OLED S5606MA Ultra 5 125H (MX050W)
2025-01-23 11:17:43,478 - INFO - Processing product 98/331: MSI Prestige 16 AI+ B2VMG Ultra 9 288V (016VN) (https://www.thegioididong.com/laptop/msi-prestige-16-ai-b2vmg-ultra-9-288v-016vn)
2025-01-23 11:17:48,112 - INFO - Successfully processed product: MSI Prestige 16 AI+ B2VMG Ultra 9 288V (016VN)
2025-01-23 11:17:51,085 - INFO - Processing product 99/331: Asus Vivobook S 16 OLED M5606WA R9 AI HX 370 (MX072WS) (https://www.thegioididong.com/laptop/asus-vivobook-s-16-oled-m5606wa-r9-mx072ws)
2025-01-23 11:17:52,563 - INFO - Successfully processed product: Asus Vivobook S 16 OLED M5606WA R9 AI HX 370 (MX072WS)
2025-01-23 11:17:54,220 - INFO - Processing product 100/331: HP Pavilion X360 14 ek2027TU Core 7 150U (9Z2V9PA) (https://www.thegioididong.com/laptop/hp-pavilion-x360-14-ek2027tu-core-7-9z2v9pa)
2025-01-23 11:17:55,824 - INFO - Successfully processed product: HP Pavilion X360 14 ek2027TU Core 7 150U (9Z2V9PA)
2025-01-23 11:17:58,289 - INFO - Processing product 101/331: HP Pavilion X360 14 ek2024TU Core 5 120U (9Z2V6PA) (https://www.thegioididong.com/laptop/hp-pavilion-x360-14-ek2024tu-core-5-9z2v6pa)
2025-01-23 11:17:59,228 - INFO - Successfully processed product: HP Pavilion X360 14 ek2024TU Core 5 120U (9Z2V6PA)
2025-01-23 11:18:01,255 - INFO - Processing product 102/331: MacBook Air 15 inch M3 (https://www.thegioididong.com/laptop/macbook-air-15-inch-m3-2024-16gb-256gb)
2025-01-23 11:18:02,044 - INFO - Successfully processed product: MacBook Air 15 inch M3
2025-01-23 11:18:04,120 - INFO - Processing product 103/331: MacBook Air 15 inch M3 (https://www.thegioididong.com/laptop/macbook-air-15-inch-m3-24gb-512gb)
2025-01-23 11:18:05,586 - INFO - Successfully processed product: MacBook Air 15 inch M3
2025-01-23 11:18:07,237 - INFO - Processing product 104/331: HP Pavilion X360 14 ek1047TU i7 1355U (80R25PA) (https://www.thegioididong.com/laptop/hp-pavilion-x360-14-ek1047tu-i7-80r25pa?utm_flashsale=1)
2025-01-23 11:18:07,789 - INFO - Successfully processed product: HP Pavilion X360 14 ek1047TU i7 1355U (80R25PA)
2025-01-23 11:18:09,223 - INFO - Processing product 105/331: Lenovo Yoga Slim 7 15ILL9 Ultra 7 258V (83HM000GVN) (https://www.thegioididong.com/laptop/lenovo-yoga-slim-7-15ill9-ultra-7-83hm000gvn)
2025-01-23 11:18:10,528 - INFO - Successfully processed product: Lenovo Yoga Slim 7 15ILL9 Ultra 7 258V (83HM000GVN)
2025-01-23 11:18:11,848 - INFO - Processing product 106/331: Dell Inspiron 14 5440 i5 1334U (NDY5V1) (https://www.thegioididong.com/laptop/dell-inspiron-14-5440-i5-ndy5v1)
2025-01-23 11:18:13,233 - INFO - Successfully processed product: Dell Inspiron 14 5440 i5 1334U (NDY5V1)
2025-01-23 11:18:15,651 - INFO - Processing product 107/331: Dell Latitude 3440 i5 1235U (L3440-I51235U-16G512G) (https://www.thegioididong.com/laptop/dell-latitude-3440-i5-l3440i51235u16g512g?utm_flashsale=1)
2025-01-23 11:18:17,317 - INFO - Successfully processed product: Dell Latitude 3440 i5 1235U (L3440-I51235U-16G512G)
2025-01-23 11:18:19,804 - INFO - Processing product 108/331: Lenovo Yoga Pro 7 14ASP9 R9 AI 365 (83HN0022VN) (https://www.thegioididong.com/laptop/lenovo-yoga-pro-7-14asp9-r9-83hn0022vn)
2025-01-23 11:18:21,061 - INFO - Successfully processed product: Lenovo Yoga Pro 7 14ASP9 R9 AI 365 (83HN0022VN)
2025-01-23 11:18:23,865 - INFO - Processing product 109/331: Lenovo IdeaPad Flex 5 14ABR8 R7 7730U (82XX00DLVN) (https://www.thegioididong.com/laptop/lenovo-ideapad-flex-5-14abr8-r7-7730u-82xx00dlvn)
2025-01-23 11:18:24,990 - INFO - Successfully processed product: Lenovo IdeaPad Flex 5 14ABR8 R7 7730U (82XX00DLVN)
2025-01-23 11:18:27,513 - INFO - Processing product 110/331: MacBook Pro 14 inch M3 (https://www.thegioididong.com/laptop/macbook-pro-14-inch-m3-2023)
2025-01-23 11:18:27,961 - INFO - Successfully processed product: MacBook Pro 14 inch M3
2025-01-23 11:18:29,149 - INFO - Processing product 111/331: MacBook Pro 14 inch Nano M4 (https://www.thegioididong.com/laptop/macbook-pro-14-nano-m4-16-512)
2025-01-23 11:18:31,009 - INFO - Successfully processed product: MacBook Pro 14 inch Nano M4
2025-01-23 11:18:32,941 - INFO - Processing product 112/331: Dell Inspiron 14 5440 Core 7 150U (7FN5J) (https://www.thegioididong.com/laptop/dell-inspiron-14-5440-core-7-7fn5j)
2025-01-23 11:18:33,782 - INFO - Successfully processed product: Dell Inspiron 14 5440 Core 7 150U (7FN5J)
2025-01-23 11:18:35,900 - INFO - Processing product 113/331: Lenovo Yoga Pro 7 14IMH9 Ultra 7 155H (83E2006MVN) (https://www.thegioididong.com/laptop/lenovo-yoga-pro-7-14imh9-ultra-7-83e2006mvn)
2025-01-23 11:18:36,965 - INFO - Successfully processed product: Lenovo Yoga Pro 7 14IMH9 Ultra 7 155H (83E2006MVN)
2025-01-23 11:18:39,669 - INFO - Processing product 114/331: Lenovo Yoga Pro 7 14IMH9 Ultra 7 155H (83E2005DVN) (https://www.thegioididong.com/laptop/lenovo-yoga-pro-7-14imh9-ultra-7-83e2005dvn)
2025-01-23 11:18:41,388 - INFO - Successfully processed product: Lenovo Yoga Pro 7 14IMH9 Ultra 7 155H (83E2005DVN)
2025-01-23 11:18:42,415 - INFO - Processing product 115/331: HP 15 fd0303TU i3 1315U (A2NL4PA) (https://www.thegioididong.com/laptop/hp-15-fd0303tu-i3-a2nl4pa)
2025-01-23 11:18:45,114 - INFO - Successfully processed product: HP 15 fd0303TU i3 1315U (A2NL4PA)
2025-01-23 11:18:47,698 - INFO - Processing product 116/331: HP 15 fd0304TU i3 1315U (A2NL5PA) (https://www.thegioididong.com/laptop/hp-15-fd0304tu-i3-a2nl5pa?utm_flashsale=1)
2025-01-23 11:18:49,075 - INFO - Successfully processed product: HP 15 fd0304TU i3 1315U (A2NL5PA)
2025-01-23 11:18:51,985 - INFO - Processing product 117/331: HP 15 fd0015TU i7 1355U (A19C5PA) (https://www.thegioididong.com/laptop/hp-15-fd0015tu-i7-a19c5pa)
2025-01-23 11:18:52,578 - INFO - Successfully processed product: HP 15 fd0015TU i7 1355U (A19C5PA)
2025-01-23 11:18:54,836 - INFO - Processing product 118/331: HP 15 fd0234TU i5 1334U (9Q969PA) (https://www.thegioididong.com/laptop/hp-15-fd0234tu-i5-9q969pa)
2025-01-23 11:18:55,999 - INFO - Successfully processed product: HP 15 fd0234TU i5 1334U (9Q969PA)
2025-01-23 11:18:57,748 - INFO - Processing product 119/331: HP 15 fc0085AU R5 7430U (A6VV8PA) (https://www.thegioididong.com/laptop/hp-15-fc0085au-r5-a6vv8pa)
2025-01-23 11:18:58,794 - INFO - Successfully processed product: HP 15 fc0085AU R5 7430U (A6VV8PA)
2025-01-23 11:19:00,847 - INFO - Processing product 120/331: Asus Vivobook 14 A1405VA i3 1315U (LY097W) (https://www.thegioididong.com/laptop/asus-vivobook-14-a1405va-i3-ly097w)
2025-01-23 11:19:02,683 - INFO - Successfully processed product: Asus Vivobook 14 A1405VA i3 1315U (LY097W)
2025-01-23 11:19:04,095 - INFO - Processing product 121/331: MSI Gaming Cyborg 14 A13VE i7 13620H (090VN) (https://www.thegioididong.com/laptop/msi-cyborg-14-a13ve-i7-090vn)
2025-01-23 11:19:05,255 - INFO - Successfully processed product: MSI Gaming Cyborg 14 A13VE i7 13620H (090VN)
2025-01-23 11:19:06,880 - INFO - Processing product 122/331: Dell Latitude 3440 i7 1355U (71038103) (https://www.thegioididong.com/laptop/dell-latitude-3440-i7-71038103)
2025-01-23 11:19:08,312 - INFO - Successfully processed product: Dell Latitude 3440 i7 1355U (71038103)
2025-01-23 11:19:11,269 - INFO - Processing product 123/331: MacBook Pro 14 inch M4 Pro (https://www.thegioididong.com/laptop/macbook-pro-14-inch-m4-pro-24gb-1tb)
2025-01-23 11:19:15,987 - INFO - Successfully processed product: MacBook Pro 14 inch M4 Pro
2025-01-23 11:19:17,137 - INFO - Processing product 124/331: Apple MacBook Pro 14 inch Nano M4 Pro 24GB/512GB (https://www.thegioididong.com/laptop/macbook-pro-14-nano-m4-pro-24-512)
2025-01-23 11:19:20,324 - INFO - Successfully processed product: Apple MacBook Pro 14 inch Nano M4 Pro 24GB/512GB
2025-01-23 11:19:23,276 - INFO - Processing product 125/331: MacBook Pro 14 inch M4 Pro (https://www.thegioididong.com/laptop/macbook-pro-14-inch-m4-pro-24gb-512gb)
2025-01-23 11:19:25,176 - INFO - Successfully processed product: MacBook Pro 14 inch M4 Pro
2025-01-23 11:19:27,213 - INFO - Processing product 126/331: MacBook Pro 14 inch M4 Pro (https://www.thegioididong.com/laptop/macbook-pro-14-inch-m4-pro-48gb-512gb)
2025-01-23 11:19:29,880 - INFO - Successfully processed product: MacBook Pro 14 inch M4 Pro
2025-01-23 11:19:31,288 - INFO - Processing product 127/331: MacBook Pro 14 inch M3 Pro (https://www.thegioididong.com/laptop/apple-macbook-pro-14-inch-m3-pro-2023)
2025-01-23 11:19:31,885 - INFO - Successfully processed product: MacBook Pro 14 inch M3 Pro
2025-01-23 11:19:33,803 - INFO - Processing product 128/331: Lenovo V15 G5 IRL Core 5 120U (83HF0000VN) (https://www.thegioididong.com/laptop/lenovo-v15-g5-irl-core-5-83hf0000vn)
2025-01-23 11:19:34,740 - INFO - Successfully processed product: Lenovo V15 G5 IRL Core 5 120U (83HF0000VN)
2025-01-23 11:19:36,111 - INFO - Processing product 129/331: Lenovo Ideapad 1 15ALC7 R7 5700U (82R400C1VN) (https://www.thegioididong.com/laptop/lenovo-ideapad-1-15alc7-r7-82r400c1vn)
2025-01-23 11:19:36,694 - INFO - Successfully processed product: Lenovo Ideapad 1 15ALC7 R7 5700U (82R400C1VN)
2025-01-23 11:19:39,240 - INFO - Processing product 130/331: Apple MacBook Pro 14 inch Nano M4 Max 36GB/1TB (https://www.thegioididong.com/laptop/macbook-pro-14-nano-m4-max-36-1t)
2025-01-23 11:19:41,547 - INFO - Successfully processed product: Apple MacBook Pro 14 inch Nano M4 Max 36GB/1TB
2025-01-23 11:19:44,349 - INFO - Processing product 131/331: MacBook Pro 14 inch M4 Max (https://www.thegioididong.com/laptop/macbook-pro-14-inch-m4-max-36gb-1tb)
2025-01-23 11:19:47,194 - INFO - Successfully processed product: MacBook Pro 14 inch M4 Max
2025-01-23 11:19:49,004 - INFO - Processing product 132/331: Lenovo Ideapad Slim 3 15IRH8 i7 13620H (83EM003FVN) (https://www.thegioididong.com/laptop/lenovo-ideapad-slim-3-15irh8-i7-83em003fvn?utm_flashsale=1)
2025-01-23 11:19:51,348 - INFO - Successfully processed product: Lenovo Ideapad Slim 3 15IRH8 i7 13620H (83EM003FVN)
2025-01-23 11:19:53,651 - INFO - Processing product 133/331: Lenovo Ideapad Slim 3 15IAH8 i5 12450H (83ER000EVN) (https://www.thegioididong.com/laptop/lenovo-ideapad-slim-3-15iah8-i5-83er00evn)
2025-01-23 11:19:56,247 - INFO - Successfully processed product: Lenovo Ideapad Slim 3 15IAH8 i5 12450H (83ER000EVN)
2025-01-23 11:19:57,544 - INFO - Processing product 134/331: Lenovo Ideapad Slim 3 15AMN8 R5 7520U (82XQ00J0VN) (https://www.thegioididong.com/laptop/lenovo-ideapad-slim-3-15amn8-r5-82xq00j0vn)
2025-01-23 11:19:59,210 - INFO - Successfully processed product: Lenovo Ideapad Slim 3 15AMN8 R5 7520U (82XQ00J0VN)
2025-01-23 11:20:01,969 - INFO - Processing product 135/331: HP OMEN Transcend 14 fb0135TX Ultra 7 155H (AY8V1PA) (https://www.thegioididong.com/laptop/hp-omen-14-fb0135tx-ultra-7-ay8v1pa)
2025-01-23 11:20:02,606 - INFO - Successfully processed product: HP OMEN Transcend 14 fb0135TX Ultra 7 155H (AY8V1PA)
2025-01-23 11:20:05,257 - INFO - Processing product 136/331: Asus Vivobook Go 15 E1504FA R5 7520U (NJ776W) (https://www.thegioididong.com/laptop/asus-vivobook-go-15-e1504fa-r5-nj776w?utm_flashsale=1)
2025-01-23 11:20:05,851 - INFO - Successfully processed product: Asus Vivobook Go 15 E1504FA R5 7520U (NJ776W)
2025-01-23 11:20:07,685 - INFO - Processing product 137/331: Dell Inspiron 15 3530 i7 1355U (P16WD) (https://www.thegioididong.com/laptop/dell-inspiron-15-3530-i7-p16wd)
2025-01-23 11:20:08,442 - INFO - Successfully processed product: Dell Inspiron 15 3530 i7 1355U (P16WD)
2025-01-23 11:20:09,743 - INFO - Processing product 138/331: Dell Inspiron 15 3530 i7 1355U (N5I7301W1) (https://www.thegioididong.com/laptop/dell-inspiron-15-3530-i7-n5i7301w1)
2025-01-23 11:20:13,277 - INFO - Successfully processed product: Dell Inspiron 15 3530 i7 1355U (N5I7301W1)
2025-01-23 11:20:15,278 - INFO - Processing product 139/331: Dell Inspiron 15 3520 i7 1255U (25P2315) (https://www.thegioididong.com/laptop/dell-inspiron-15-3520-i7-25p2315)
2025-01-23 11:20:15,915 - INFO - Successfully processed product: Dell Inspiron 15 3520 i7 1255U (25P2315)
2025-01-23 11:20:17,816 - INFO - Processing product 140/331: HP 15 fd1063TU Ultra 5 125H (9Z2Y1PA) (https://www.thegioididong.com/laptop/hp-15-fd1063tu-ultra-5-9z2y1pa)
2025-01-23 11:20:18,432 - INFO - Successfully processed product: HP 15 fd1063TU Ultra 5 125H (9Z2Y1PA)
2025-01-23 11:20:19,952 - INFO - Processing product 141/331: HP 15 fd1064TU Ultra 5 125H (9Z2Y2PA) (https://www.thegioididong.com/laptop/hp-15-fd1064tu-ultra-5-9z2y2pa?utm_flashsale=1)
2025-01-23 11:20:23,017 - INFO - Successfully processed product: HP 15 fd1064TU Ultra 5 125H (9Z2Y2PA)
2025-01-23 11:20:25,336 - INFO - Processing product 142/331: Dell Inspiron 15 3530 i5 1334U (P16WD2) (https://www.thegioididong.com/laptop/dell-inspiron-15-3530-i5-p16wd2)
2025-01-23 11:20:27,411 - INFO - Successfully processed product: Dell Inspiron 15 3530 i5 1334U (P16WD2)
2025-01-23 11:20:29,914 - INFO - Processing product 143/331: Dell Inspiron 15 3530 i5 1335U (N3530-i5U085W11BLU) (https://www.thegioididong.com/laptop/dell-inspiron-3530-i5-1335u-i5u085w11blu)
2025-01-23 11:20:33,273 - INFO - Successfully processed product: Dell Inspiron 15 3530 i5 1335U (N3530-i5U085W11BLU)
2025-01-23 11:20:34,972 - INFO - Processing product 144/331: Dell Inspiron 15 3530 i7 1355U (N3530-i7U161W11BLU-FP) (https://www.thegioididong.com/laptop/dell-inspiron-15-3530-i7-n3530i7u161w11blufp)
2025-01-23 11:20:39,381 - INFO - Successfully processed product: Dell Inspiron 15 3530 i7 1355U (N3530-i7U161W11BLU-FP)
2025-01-23 11:20:41,711 - INFO - Processing product 145/331: Dell Inspiron 15 3530 i7 1355U (71026454) (https://www.thegioididong.com/laptop/dell-inspiron-15-3530-i7-71026454)
2025-01-23 11:20:42,247 - INFO - Successfully processed product: Dell Inspiron 15 3530 i7 1355U (71026454)
2025-01-23 11:20:43,337 - INFO - Processing product 146/331: Dell Inspiron 15 3530 i7 1355U (N5I7240W1) (https://www.thegioididong.com/laptop/dell-inspiron-15-3530-i7-n5i7240w1)
2025-01-23 11:20:45,376 - INFO - Successfully processed product: Dell Inspiron 15 3530 i7 1355U (N5I7240W1)
2025-01-23 11:20:48,079 - INFO - Processing product 147/331: Dell Inspiron 15 3530 i7 1355U (71043888) (https://www.thegioididong.com/laptop/dell-inspiron-15-3530-i7-71043888?utm_flashsale=1)
2025-01-23 11:20:51,176 - INFO - Successfully processed product: Dell Inspiron 15 3530 i7 1355U (71043888)
2025-01-23 11:20:52,482 - INFO - Processing product 148/331: Dell Inspiron 15 3520 i7 1255U (N5I7125W1) (https://www.thegioididong.com/laptop/dell-inspiron-15-3520-i7-n5i7125w1)
2025-01-23 11:20:53,370 - INFO - Successfully processed product: Dell Inspiron 15 3520 i7 1255U (N5I7125W1)
2025-01-23 11:20:55,106 - INFO - Processing product 149/331: Dell Vostro 3530 i5 1335U (80GG93) (https://www.thegioididong.com/laptop/dell-vostro-3530-i5-80gg93)
2025-01-23 11:20:56,298 - INFO - Successfully processed product: Dell Vostro 3530 i5 1335U (80GG93)
2025-01-23 11:20:59,105 - INFO - Processing product 150/331: Dell Inspiron 15 3530 i5 1334U (N5I5340W1) (https://www.thegioididong.com/laptop/dell-inspiron-15-3530-i5-n5i5340w1)
2025-01-23 11:20:59,755 - INFO - Successfully processed product: Dell Inspiron 15 3530 i5 1334U (N5I5340W1)
2025-01-23 11:21:02,585 - INFO - Processing product 151/331: Dell Inspiron 15 3530 i5 1334U (71043885) (https://www.thegioididong.com/laptop/dell-inspiron-15-3530-i5-71043885)
2025-01-23 11:21:03,325 - INFO - Successfully processed product: Dell Inspiron 15 3530 i5 1334U (71043885)
2025-01-23 11:21:04,400 - INFO - Processing product 152/331: Dell Inspiron 15 3530 i5 1335U (N5I5791W1) (https://www.thegioididong.com/laptop/dell-inspiron-15-3530-i5-n5i5791w1)
2025-01-23 11:21:08,706 - INFO - Successfully processed product: Dell Inspiron 15 3530 i5 1335U (N5I5791W1)
2025-01-23 11:21:09,992 - INFO - Processing product 153/331: Dell Inspiron 15 3530 i5 1334U (N3530-i5U165W11SLU) (https://www.thegioididong.com/laptop/dell-inspiron-15-3530-i5-n3530i5u165w11slu?utm_flashsale=1)
2025-01-23 11:21:10,769 - INFO - Successfully processed product: Dell Inspiron 15 3530 i5 1334U (N3530-i5U165W11SLU)
2025-01-23 11:21:11,774 - INFO - Processing product 154/331: Dell Inspiron 15 3520 i5 1235U (N5I5052W1) (https://www.thegioididong.com/laptop/dell-inspiron-15-3520-i5-n5i5052w1?utm_flashsale=1)
2025-01-23 11:21:12,148 - INFO - Successfully processed product: Dell Inspiron 15 3520 i5 1235U (N5I5052W1)
2025-01-23 11:21:13,635 - INFO - Processing product 155/331: Dell Inspiron 14 5440 Core 7 150U (N4I7204W1) (https://www.thegioididong.com/laptop/dell-inspiron-14-5440-core-7-n4i7204w1)
2025-01-23 11:21:14,046 - INFO - Successfully processed product: Dell Inspiron 14 5440 Core 7 150U (N4I7204W1)
2025-01-23 11:21:16,333 - INFO - Processing product 156/331: Dell Vostro 15 3520 i5 1235U (5M2TT2) (https://www.thegioididong.com/laptop/dell-vostro-15-3520-i5-5m2tt2)
2025-01-23 11:21:18,032 - INFO - Successfully processed product: Dell Vostro 15 3520 i5 1235U (5M2TT2)
2025-01-23 11:21:19,461 - INFO - Processing product 157/331: Lenovo V15 G4 IRU i5 1335U (83A1000LVN) (https://www.thegioididong.com/laptop/lenovo-v15-g4-iru-i5-83a1000lvn?utm_flashsale=1)
2025-01-23 11:21:20,237 - INFO - Successfully processed product: Lenovo V15 G4 IRU i5 1335U (83A1000LVN)
2025-01-23 11:21:21,323 - INFO - Processing product 158/331: HP Pavilion 15 eg3098TU i3 1315U (8C5L9PA) (https://www.thegioididong.com/laptop/hp-pavilion-15-eg3098tu-i3-8c5l9pa?utm_flashsale=1)
2025-01-23 11:21:23,082 - INFO - Successfully processed product: HP Pavilion 15 eg3098TU i3 1315U (8C5L9PA)
2025-01-23 11:21:26,047 - INFO - Processing product 159/331: HP Pavilion 15 eg3094TU i5 1335U (8C5L5PA) (https://www.thegioididong.com/laptop/hp-pavilion-15-eg3094tu-i5-8c5l5pa?utm_flashsale=1)
2025-01-23 11:21:30,527 - INFO - Successfully processed product: HP Pavilion 15 eg3094TU i5 1335U (8C5L5PA)
2025-01-23 11:21:32,855 - INFO - Processing product 160/331: HP 15s fq5147TU i7 1255U (7C133PA) (https://www.thegioididong.com/laptop/hp-15s-fq5147tu-i7-7c133pa?utm_flashsale=1)
2025-01-23 11:21:34,553 - INFO - Successfully processed product: HP 15s fq5147TU i7 1255U (7C133PA)
2025-01-23 11:21:37,174 - INFO - Processing product 161/331: HP 15s fq5229TU i3 1215U (8U237PA) (https://www.thegioididong.com/laptop/hp-15s-fq5229tu-i3-8u237pa?utm_flashsale=1)
2025-01-23 11:21:38,514 - INFO - Successfully processed product: HP 15s fq5229TU i3 1215U (8U237PA)
2025-01-23 11:21:39,816 - INFO - Processing product 162/331: HP Pavilion 15 eg3091TU i7 1355U (8C5L2PA) (https://www.thegioididong.com/laptop/hp-pavilion-15-eg3091tu-i7-8c5l2pa)
2025-01-23 11:21:41,849 - INFO - Successfully processed product: HP Pavilion 15 eg3091TU i7 1355U (8C5L2PA)
2025-01-23 11:21:43,655 - INFO - Processing product 163/331: HP Pavilion 15 eg3093TU i5 1335U (8C5L4PA) (https://www.thegioididong.com/laptop/hp-pavilion-15-eg3093tu-i5-8c5l4pa)
2025-01-23 11:21:44,716 - INFO - Successfully processed product: HP Pavilion 15 eg3093TU i5 1335U (8C5L4PA)
2025-01-23 11:21:46,900 - INFO - Processing product 164/331: MSI Prestige 14 AI Studio C1UDXG Ultra 7 155H (058VN) (https://www.thegioididong.com/laptop/msi-prestige-14-ai-studio-c1udxg-ultra-7-058vn)
2025-01-23 11:21:48,008 - INFO - Successfully processed product: MSI Prestige 14 AI Studio C1UDXG Ultra 7 155H (058VN)
2025-01-23 11:21:50,687 - INFO - Processing product 165/331: MSI Gaming Stealth 14 AI Studio A1VFG Ultra 7 155H (085VN) (https://www.thegioididong.com/laptop/msi-stealth-14-ai-studio-a1vfg-ultra-7-085vn)
2025-01-23 11:21:51,135 - INFO - Successfully processed product: MSI Gaming Stealth 14 AI Studio A1VFG Ultra 7 155H (085VN)
2025-01-23 11:21:52,247 - INFO - Processing product 166/331: MSI Prestige 14 AI Studio C1VEG Ultra 7 155H (056VN) (https://www.thegioididong.com/laptop/msi-prestige-14-ai-studio-c1veg-ultra-7-056vn)
2025-01-23 11:21:54,291 - INFO - Successfully processed product: MSI Prestige 14 AI Studio C1VEG Ultra 7 155H (056VN)
2025-01-23 11:21:56,335 - INFO - Processing product 167/331: Acer Aspire 5 A515 58P 34RJ i3 1315U (NX.KHJSV.003) (https://www.thegioididong.com/laptop/acer-aspire-5-a515-58p-34rj-i3-nxkhjsv003)
2025-01-23 11:21:57,093 - INFO - Successfully processed product: Acer Aspire 5 A515 58P 34RJ i3 1315U (NX.KHJSV.003)
2025-01-23 11:21:58,371 - INFO - Processing product 168/331: Asus Vivobook 15 X1504ZA i3 1215U (NJ102W) (https://www.thegioididong.com/laptop/asus-vivobook-15-x1504za-i3-nj102w?utm_flashsale=1)
2025-01-23 11:21:58,955 - INFO - Successfully processed product: Asus Vivobook 15 X1504ZA i3 1215U (NJ102W)
2025-01-23 11:21:59,968 - INFO - Processing product 169/331: Acer Aspire 3 A315 58 529V i5 1135G7 (NX.ADDSV.00N) (https://www.thegioididong.com/laptop/acer-aspire-3-a315-58-529v-i5-nxaddsv00n)
2025-01-23 11:22:00,860 - INFO - Successfully processed product: Acer Aspire 3 A315 58 529V i5 1135G7 (NX.ADDSV.00N)
2025-01-23 11:22:02,495 - INFO - Processing product 170/331: Acer Gaming Aspire 5 A515 58GM 53PZ i5 13420H (NX.KQ4SV.008) (https://www.thegioididong.com/laptop/acer-aspire-a515-58gm-53pz-i5-nxkq4sv008)
2025-01-23 11:22:03,206 - INFO - Successfully processed product: Acer Gaming Aspire 5 A515 58GM 53PZ i5 13420H (NX.KQ4SV.008)
2025-01-23 11:22:04,530 - INFO - Processing product 171/331: Asus Vivobook 15 X1504VA i5 1335U (NJ025W) (https://www.thegioididong.com/laptop/asus-vivobook-15-x1504va-i5-nj025w)
2025-01-23 11:22:05,433 - INFO - Successfully processed product: Asus Vivobook 15 X1504VA i5 1335U (NJ025W)
2025-01-23 11:22:07,564 - INFO - Processing product 172/331: Acer Aspire 3 A315 59 314F i3 1215U (NX.K6TSV.002) (https://www.thegioididong.com/laptop/acer-aspire-3-a315-59-314f-i3-nxk6tsv002)
2025-01-23 11:22:10,437 - INFO - Successfully processed product: Acer Aspire 3 A315 59 314F i3 1215U (NX.K6TSV.002)
2025-01-23 11:22:13,152 - INFO - Processing product 173/331: HP 15s fq5162TU i5 1235U (7C134PA) (https://www.thegioididong.com/laptop/hp-15s-fq5162tu-i5-7c134pa?utm_flashsale=1)
2025-01-23 11:22:13,746 - INFO - Successfully processed product: HP 15s fq5162TU i5 1235U (7C134PA)
2025-01-23 11:22:16,534 - INFO - Processing product 174/331: Acer Aspire 3 A315 59 5283 i5 1235U (NX.K6TSV.00B) (https://www.thegioididong.com/laptop/acer-aspire-3-a315-59-5283-i5-nxk6tsv00b)
2025-01-23 11:22:19,397 - INFO - Successfully processed product: Acer Aspire 3 A315 59 5283 i5 1235U (NX.K6TSV.00B)
2025-01-23 11:22:22,354 - INFO - Processing product 175/331: Acer Aspire 3 A315 44P R9W8 R7 5700U (NX.KSJSV.002) (https://www.thegioididong.com/laptop/acer-aspire-a315-44p-r9w8-r7-nxksjsv002)
2025-01-23 11:22:23,769 - INFO - Successfully processed product: Acer Aspire 3 A315 44P R9W8 R7 5700U (NX.KSJSV.002)
2025-01-23 11:22:25,504 - INFO - Processing product 176/331: Acer Aspire Lite 15 51M 55NB i5 1155G7 (NX.KRSSV.001) (https://www.thegioididong.com/laptop/acer-aspire-lite-15-51m-55nb-i5-nxkrssv001?utm_flashsale=1)
2025-01-23 11:22:26,254 - INFO - Successfully processed product: Acer Aspire Lite 15 51M 55NB i5 1155G7 (NX.KRSSV.001)
2025-01-23 11:22:27,526 - INFO - Processing product 177/331: Asus Vivobook 15 OLED A1505VA i9 13900H (L1386W) (https://www.thegioididong.com/laptop/asus-vivobook-15-oled-a1505va-i9-l1386w)
2025-01-23 11:22:29,186 - INFO - Successfully processed product: Asus Vivobook 15 OLED A1505VA i9 13900H (L1386W)
2025-01-23 11:22:31,177 - INFO - Processing product 178/331: Asus Vivobook 15 OLED A1505VA i9 13900H (MA586WS) (https://www.thegioididong.com/laptop/asus-vivobook-15-oled-a1505va-i9-ma586ws)
2025-01-23 11:22:32,410 - INFO - Successfully processed product: Asus Vivobook 15 OLED A1505VA i9 13900H (MA586WS)
2025-01-23 11:22:33,785 - INFO - Processing product 179/331: Acer Aspire 5 A515 58M 79R7 i7 13620H (NX.KQ8SV.007) (https://www.thegioididong.com/laptop/acer-aspire-5-a515-58m-79r7-i7-nxkq8sv007)
2025-01-23 11:22:34,546 - INFO - Successfully processed product: Acer Aspire 5 A515 58M 79R7 i7 13620H (NX.KQ8SV.007)
2025-01-23 11:22:35,970 - INFO - Processing product 180/331: Asus Vivobook 15 X1504VA i7 1355U (NJ023W) (https://www.thegioididong.com/laptop/asus-vivobook-15-x1504va-nj023w)
2025-01-23 11:22:38,134 - INFO - Successfully processed product: Asus Vivobook 15 X1504VA i7 1355U (NJ023W)
2025-01-23 11:22:39,783 - INFO - Processing product 181/331: Acer Gaming Aspire 5 A515 58GM 51LB i5 13420H (NX.KQ4SV.002) (https://www.thegioididong.com/laptop/acer-aspire-5-a515-58gm-51lb-i5-nxkq4sv002)
2025-01-23 11:22:41,584 - INFO - Successfully processed product: Acer Gaming Aspire 5 A515 58GM 51LB i5 13420H (NX.KQ4SV.002)
2025-01-23 11:22:43,620 - INFO - Processing product 182/331: Asus Vivobook 15 OLED A1505VA i5 13500H (MA467W) (https://www.thegioididong.com/laptop/asus-vivobook-15-oled-a1505va-i5-ma467w?utm_flashsale=1)
2025-01-23 11:22:45,411 - INFO - Successfully processed product: Asus Vivobook 15 OLED A1505VA i5 13500H (MA467W)
2025-01-23 11:22:47,865 - INFO - Processing product 183/331: Asus Vivobook 15 OLED A1505VA i5 13500H (L1341W) (https://www.thegioididong.com/laptop/asus-vivobook-15-oled-a1505va-i5-l1341w)
2025-01-23 11:22:48,694 - INFO - Successfully processed product: Asus Vivobook 15 OLED A1505VA i5 13500H (L1341W)
2025-01-23 11:22:50,113 - INFO - Processing product 184/331: Asus Vivobook 15 OLED A1505ZA i5 12500H (MA415W) (https://www.thegioididong.com/laptop/asus-asus-vivobook-15-oled-a1505za-i5-ma415w)
2025-01-23 11:22:50,607 - INFO - Successfully processed product: Asus Vivobook 15 OLED A1505ZA i5 12500H (MA415W)
2025-01-23 11:22:51,919 - INFO - Processing product 185/331: Asus Vivobook 15 OLED A1505ZA i5 12500H (L1337W) (https://www.thegioididong.com/laptop/asus-vivobook-15-oled-a1505za-i5-l1337w)
2025-01-23 11:22:53,170 - INFO - Successfully processed product: Asus Vivobook 15 OLED A1505ZA i5 12500H (L1337W)
2025-01-23 11:22:55,501 - INFO - Processing product 186/331: Acer Aspire 5 A515 58M 56YX i5 13420H (NX.KQ8SV.005) (https://www.thegioididong.com/laptop/acer-aspire-5-a515-58m-56yx-i5-nxkq8sv005?utm_flashsale=1)
2025-01-23 11:22:56,466 - INFO - Successfully processed product: Acer Aspire 5 A515 58M 56YX i5 13420H (NX.KQ8SV.005)
2025-01-23 11:22:57,608 - INFO - Processing product 187/331: Acer Aspire 5 A515 58P 774R i7 1355U (NX.KHJSV.005) (https://www.thegioididong.com/laptop/acer-aspire-5-a515-58p-774r-i7-nxkhjsv005)
2025-01-23 11:22:58,318 - INFO - Successfully processed product: Acer Aspire 5 A515 58P 774R i7 1355U (NX.KHJSV.005)
2025-01-23 11:23:00,460 - INFO - Processing product 188/331: Asus Vivobook 15 X1504ZA i5 1235U (NJ1528W) (https://www.thegioididong.com/laptop/asus-vivobook-15-x1504za-i5-nj1528w?utm_flashsale=1)
2025-01-23 11:23:01,548 - INFO - Successfully processed product: Asus Vivobook 15 X1504ZA i5 1235U (NJ1528W)
2025-01-23 11:23:03,742 - INFO - Processing product 189/331: Asus Vivobook 15 X1504ZA i5 1235U (NJ1608W) (https://www.thegioididong.com/laptop/asus-x1504za-i5-nj1608w?utm_flashsale=1)
2025-01-23 11:23:04,726 - INFO - Successfully processed product: Asus Vivobook 15 X1504ZA i5 1235U (NJ1608W)
2025-01-23 11:23:07,454 - INFO - Processing product 190/331: Asus Vivobook 15 X1504ZA i5 1235U (NJ1546W) (https://www.thegioididong.com/laptop/asus-vivobook-15-x1504za-i5-nj1546w)
2025-01-23 11:23:09,122 - INFO - Successfully processed product: Asus Vivobook 15 X1504ZA i5 1235U (NJ1546W)
2025-01-23 11:23:10,221 - INFO - Processing product 191/331: MSI Modern 15 B12MO (https://www.thegioididong.com/laptop/msi-modern-15-b12mo-i5-628vn)
2025-01-23 11:23:11,181 - INFO - Successfully processed product: MSI Modern 15 B12MO
2025-01-23 11:23:13,913 - INFO - Processing product 192/331: Acer Aspire Lite 15 51M 5542 i5 1155G7 (NX.KS5SV.001) (https://www.thegioididong.com/laptop/acer-aspire-lite-15-51m-5542-i5-nxks5sv001)
2025-01-23 11:23:14,313 - INFO - Successfully processed product: Acer Aspire Lite 15 51M 5542 i5 1155G7 (NX.KS5SV.001)
2025-01-23 11:23:15,838 - INFO - Processing product 193/331: Acer Aspire Lite AL16 51P 596H i5 1235U (NX.KWZSV.002) (https://www.thegioididong.com/laptop/acer-aspire-lite-al16-51p-596h-i5-nxkwzsv002)
2025-01-23 11:23:16,342 - INFO - Successfully processed product: Acer Aspire Lite AL16 51P 596H i5 1235U (NX.KWZSV.002)
2025-01-23 11:23:18,405 - INFO - Processing product 194/331: Lenovo ThinkBook 16 G7 Ultra 5 125U (21MS007GVN) (https://www.thegioididong.com/laptop/lenovo-thinkbook-16-g7-ultra-5-21ms007gvn)
2025-01-23 11:23:20,987 - INFO - Successfully processed product: Lenovo ThinkBook 16 G7 Ultra 5 125U (21MS007GVN)
2025-01-23 11:23:23,171 - INFO - Processing product 195/331: Lenovo ThinkBook 16 G6 i5 13420H (21KH00Q0VN) (https://www.thegioididong.com/laptop/lenovo-thinkbook-16-g6-i5-21kh00q0vn)
2025-01-23 11:23:23,608 - INFO - Successfully processed product: Lenovo ThinkBook 16 G6 i5 13420H (21KH00Q0VN)
2025-01-23 11:23:26,356 - INFO - Processing product 196/331: Lenovo ThinkBook 16 G7 Ultra 7 155U (21MS007HVN) (https://www.thegioididong.com/laptop/lenovo-thinkbook-16-g7-ultra-7-21ms007hvn)
2025-01-23 11:23:27,297 - INFO - Successfully processed product: Lenovo ThinkBook 16 G7 Ultra 7 155U (21MS007HVN)
2025-01-23 11:23:28,663 - INFO - Processing product 197/331: Dell Inspiron 7440 Core 7 150U (N7440-C7U161W11IBU) (https://www.thegioididong.com/laptop/dell-inspiron-7440-core-7-n7440c7u161w11ibu)
2025-01-23 11:23:29,693 - INFO - Successfully processed product: Dell Inspiron 7440 Core 7 150U (N7440-C7U161W11IBU)
2025-01-23 11:23:31,118 - INFO - Processing product 198/331: HP Pavilion 15 eg2082TU i5 1240P (7C0Q5PA) (https://www.thegioididong.com/laptop/hp-pavilion-15-eg2082tu-i5-7c0q5pa?utm_flashsale=1)
2025-01-23 11:23:31,596 - INFO - Successfully processed product: HP Pavilion 15 eg2082TU i5 1240P (7C0Q5PA)
2025-01-23 11:23:33,001 - INFO - Processing product 199/331: HP Probook 450 G10 i7 1355U (9H8H1PT) (https://www.thegioididong.com/laptop/hp-probook-450-g10-i7-9h8h1pt)
2025-01-23 11:23:34,053 - INFO - Successfully processed product: HP Probook 450 G10 i7 1355U (9H8H1PT)
2025-01-23 11:23:36,772 - INFO - Processing product 200/331: HP Probook 450 G10 i5 1335U (9H1N5PT) (https://www.thegioididong.com/laptop/hp-probook-450-g10-i5-9h1n5pt)
2025-01-23 11:23:38,598 - INFO - Successfully processed product: HP Probook 450 G10 i5 1335U (9H1N5PT)
2025-01-23 11:23:40,826 - INFO - Processing product 201/331: HP Pavilion 15 eg2081TU i5 1240P (7C0Q4PA) (https://www.thegioididong.com/laptop/hp-pavilion-15-eg2081tu-i5-7c0q4pa?utm_flashsale=1)
2025-01-23 11:23:42,138 - INFO - Successfully processed product: HP Pavilion 15 eg2081TU i5 1240P (7C0Q4PA)
2025-01-23 11:23:43,195 - INFO - Processing product 202/331: Dell Inspiron 7440 Core 5 120U (N4I5006W1) (https://www.thegioididong.com/laptop/dell-inspiron-7440-core-5-n4i5006w1)
2025-01-23 11:23:44,119 - INFO - Successfully processed product: Dell Inspiron 7440 Core 5 120U (N4I5006W1)
2025-01-23 11:23:45,874 - INFO - Processing product 203/331: HP Pavilion 15 eg2034TX i7 1255U (6K780PA) (https://www.thegioididong.com/laptop/hp-pavilion-15-eg2034tx-i7-6k780pa)
2025-01-23 11:23:46,916 - INFO - Successfully processed product: HP Pavilion 15 eg2034TX i7 1255U (6K780PA)
2025-01-23 11:23:48,291 - INFO - Processing product 204/331: HP Pavilion 15 eg2062TX i5 1235U (7C0W7PA) (https://www.thegioididong.com/laptop/hp-pavilion-15-eg2062tx-i5-7c0w7pa?utm_flashsale=1)
2025-01-23 11:23:50,976 - INFO - Successfully processed product: HP Pavilion 15 eg2062TX i5 1235U (7C0W7PA)
2025-01-23 11:23:53,862 - INFO - Processing product 205/331: HP Pavilion 15 eg3095TU i5 1335U (8C5L6PA) (https://www.thegioididong.com/laptop/hp-pavilion-15-eg3095tu-i5-8c5l6pa?utm_flashsale=1)
2025-01-23 11:23:56,316 - INFO - Successfully processed product: HP Pavilion 15 eg3095TU i5 1335U (8C5L6PA)
2025-01-23 11:23:58,051 - INFO - Processing product 206/331: HP Pavilion 15 eg2088TU i7 1260P (7C0R0PA) (https://www.thegioididong.com/laptop/hp-pavilion-15-eg2088tu-i7-7c0r0pa)
2025-01-23 11:24:00,380 - INFO - Successfully processed product: HP Pavilion 15 eg2088TU i7 1260P (7C0R0PA)
2025-01-23 11:24:01,586 - INFO - Processing product 207/331: HP Probook 460 G11 Ultra 7 155U (A74C0PT) (https://www.thegioididong.com/laptop/hp-probook-460-g11-ultra-7-a74c0pt)
2025-01-23 11:24:02,131 - INFO - Successfully processed product: HP Probook 460 G11 Ultra 7 155U (A74C0PT)
2025-01-23 11:24:04,636 - INFO - Processing product 208/331: Lenovo Gaming LOQ Essential 15IAX9E i5 12450HX (83LK0036VN) (https://www.thegioididong.com/laptop/lenovo-loq-15iax9e-i5-83lk0036vn)
2025-01-23 11:24:05,891 - INFO - Successfully processed product: Lenovo Gaming LOQ Essential 15IAX9E i5 12450HX (83LK0036VN)
2025-01-23 11:24:07,782 - INFO - Processing product 209/331: Lenovo Gaming LOQ Essential 15IAX9E i5 12450HX (83LK000BVN) (https://www.thegioididong.com/laptop/lenovo-loq-15iax9e-i5-83lk000bvn)
2025-01-23 11:24:08,233 - INFO - Successfully processed product: Lenovo Gaming LOQ Essential 15IAX9E i5 12450HX (83LK000BVN)
2025-01-23 11:24:09,441 - INFO - Processing product 210/331: Dell Inspiron 14 5430 i5 1340P (N5430-i5P165W11SL2050) (https://www.thegioididong.com/laptop/dell-inspiron-14-5430-i5-i5p165w11sl2050)
2025-01-23 11:24:10,769 - INFO - Successfully processed product: Dell Inspiron 14 5430 i5 1340P (N5430-i5P165W11SL2050)
2025-01-23 11:24:13,046 - INFO - Processing product 211/331: HP Probook 460 G11 Ultra 5 125U (A74BTPT) (https://www.thegioididong.com/laptop/hp-probook-460-g11-ultra-5-a74btpt)
2025-01-23 11:24:14,422 - INFO - Successfully processed product: HP Probook 460 G11 Ultra 5 125U (A74BTPT)
2025-01-23 11:24:16,504 - INFO - Processing product 212/331: Lenovo Ideapad Slim 5 15IRU9 Core 5 120U (83D0000EVN) (https://www.thegioididong.com/laptop/lenovo-ideapad-slim-5-15iru9-core-5-83d0000evn)
2025-01-23 11:24:17,798 - INFO - Successfully processed product: Lenovo Ideapad Slim 5 15IRU9 Core 5 120U (83D0000EVN)
2025-01-23 11:24:18,838 - INFO - Processing product 213/331: HP Probook 450 G10 i7 1355U (873D3PA) (https://www.thegioididong.com/laptop/hp-probook-450-g10-i7-873d3pa)
2025-01-23 11:24:19,301 - INFO - Successfully processed product: HP Probook 450 G10 i7 1355U (873D3PA)
2025-01-23 11:24:20,307 - INFO - Processing product 214/331: HP Probook 450 G10 i5 1335U (873D1PA) (https://www.thegioididong.com/laptop/hp-probook-450-g10-i5-873d1pa)
2025-01-23 11:24:22,151 - INFO - Successfully processed product: HP Probook 450 G10 i5 1335U (873D1PA)
2025-01-23 11:24:23,528 - INFO - Processing product 215/331: Asus Gaming Vivobook K3605ZU i5 12500H (RP296W) (https://www.thegioididong.com/laptop/asus-gaming-vivobook-k3605zu-i5-rp296w?utm_flashsale=1)
2025-01-23 11:24:25,388 - INFO - Successfully processed product: Asus Gaming Vivobook K3605ZU i5 12500H (RP296W)
2025-01-23 11:24:27,083 - INFO - Processing product 216/331: Asus Gaming Vivobook K3605ZC i5 12500H (RP629W) (https://www.thegioididong.com/laptop/asus-vivobook-k3605zc-i5-rp629w)
2025-01-23 11:24:27,618 - INFO - Successfully processed product: Asus Gaming Vivobook K3605ZC i5 12500H (RP629W)
2025-01-23 11:24:29,877 - INFO - Processing product 217/331: Asus Gaming Vivobook K3605ZF i5 12500H (RP745W) (https://www.thegioididong.com/laptop/asus-vivobook-k3605zf-i5-rp745w)
2025-01-23 11:24:30,855 - INFO - Successfully processed product: Asus Gaming Vivobook K3605ZF i5 12500H (RP745W)
2025-01-23 11:24:32,516 - INFO - Processing product 218/331: Dell Latitude 3540 i5 1235U (71038100) (https://www.thegioididong.com/laptop/dell-latitude-3540-i5-71038100)
2025-01-23 11:24:33,733 - INFO - Successfully processed product: Dell Latitude 3540 i5 1235U (71038100)
2025-01-23 11:24:35,111 - INFO - Processing product 219/331: Lenovo ThinkPad E16 Ultra 7 155H (21MA004PVN) (https://www.thegioididong.com/laptop/lenovo-thinkpad-e16-ultra-7-21ma004pvn)
2025-01-23 11:24:35,957 - INFO - Successfully processed product: Lenovo ThinkPad E16 Ultra 7 155H (21MA004PVN)
2025-01-23 11:24:38,437 - INFO - Processing product 220/331: Lenovo ThinkPad E16 Ultra 5 125U (21MA0049VN) (https://www.thegioididong.com/laptop/lenovo-thinkpad-e16-ultra-5-21ma0049vn)
2025-01-23 11:24:38,798 - INFO - Successfully processed product: Lenovo ThinkPad E16 Ultra 5 125U (21MA0049VN)
2025-01-23 11:24:40,068 - INFO - Processing product 221/331: Lenovo Ideapad Slim 5 16IMH9 Ultra 5 125H (83DC001RVN) (https://www.thegioididong.com/laptop/lenovo-ideapad-slim-5-16imh9-ultra-5-83dc001rvn)
2025-01-23 11:24:40,966 - INFO - Successfully processed product: Lenovo Ideapad Slim 5 16IMH9 Ultra 5 125H (83DC001RVN)
2025-01-23 11:24:42,721 - INFO - Processing product 222/331: Lenovo Ideapad Slim 5 16IMH9 Ultra 7 155H (83DC001SVN) (https://www.thegioididong.com/laptop/lenovo-ideapad-slim-5-16imh9-ultra-7-83dc001svn)
2025-01-23 11:24:43,992 - INFO - Successfully processed product: Lenovo Ideapad Slim 5 16IMH9 Ultra 7 155H (83DC001SVN)
2025-01-23 11:24:45,770 - INFO - Processing product 223/331: Dell Vostro 15 3520 i5 1235U (V5I5610W1) (https://www.thegioididong.com/laptop/dell-vostro-15-3520-i5-v5i5610w1)
2025-01-23 11:24:46,836 - INFO - Successfully processed product: Dell Vostro 15 3520 i5 1235U (V5I5610W1)
2025-01-23 11:24:48,038 - INFO - Processing product 224/331: MSI Gaming GF63 Thin 12VE i5 12450H (460VN) (https://www.thegioididong.com/laptop/msi-gaming-gf63-thin-12ve-i5-460vn)
2025-01-23 11:24:49,357 - INFO - Successfully processed product: MSI Gaming GF63 Thin 12VE i5 12450H (460VN)
2025-01-23 11:24:51,977 - INFO - Processing product 225/331: MSI Gaming GF63 Thin 12UC i7 12650H (887VN) (https://www.thegioididong.com/laptop/msi-gaming-gf63-thin-12uc-i7-887vn?utm_flashsale=1)
2025-01-23 11:24:53,343 - INFO - Successfully processed product: MSI Gaming GF63 Thin 12UC i7 12650H (887VN)
2025-01-23 11:24:55,798 - INFO - Processing product 226/331: MSI Gaming Thin GF63 12UC i5 12450H (803VN) (https://www.thegioididong.com/laptop/msi-gf63-12uc-i5-803vn)
2025-01-23 11:24:56,550 - INFO - Successfully processed product: MSI Gaming Thin GF63 12UC i5 12450H (803VN)
2025-01-23 11:24:57,814 - INFO - Processing product 227/331: MSI Gaming Thin A15 B7UCX R5 7535HS (020VN) (https://www.thegioididong.com/laptop/msi-gaming-thin-a15-b7ucx-r5-020vn)
2025-01-23 11:24:58,317 - INFO - Successfully processed product: MSI Gaming Thin A15 B7UCX R5 7535HS (020VN)
2025-01-23 11:25:01,009 - INFO - Processing product 228/331: MSI Gaming GF63 Thin 12VE i5 12450H (460VN) (https://www.thegioididong.com/laptop/msi-gf63-thin-12ve-i5-460vn)
2025-01-23 11:25:01,417 - INFO - Successfully processed product: MSI Gaming GF63 Thin 12VE i5 12450H (460VN)
2025-01-23 11:25:04,150 - INFO - Processing product 229/331: MSI Gaming Thin 15 B12UC i5 12450H (2045VN) (https://www.thegioididong.com/laptop/msi-thin-15-b12uc-i5-2045vn)
2025-01-23 11:25:05,567 - INFO - Successfully processed product: MSI Gaming Thin 15 B12UC i5 12450H (2045VN)
2025-01-23 11:25:07,025 - INFO - Processing product 230/331: MSI Gaming Thin 15 B13UCX i5 13420H (2080VN) (https://www.thegioididong.com/laptop/msi-thin-15-b13ucx-i5-2080vn)
2025-01-23 11:25:07,618 - INFO - Successfully processed product: MSI Gaming Thin 15 B13UCX i5 13420H (2080VN)
2025-01-23 11:25:08,714 - INFO - Processing product 231/331: MSI Gaming Thin 15 B12UCX i5 12450H (2046VN) (https://www.thegioididong.com/laptop/msi-thin-15-b12ucx-i5-2046vn)
2025-01-23 11:25:09,580 - INFO - Successfully processed product: MSI Gaming Thin 15 B12UCX i5 12450H (2046VN)
2025-01-23 11:25:10,791 - INFO - Processing product 232/331: MSI Thin 15 B13UC i7 13620H (1411VN) (https://www.thegioididong.com/laptop/msi-thin-15-b13uc-i7-1411vn)
2025-01-23 11:25:11,554 - INFO - Successfully processed product: MSI Thin 15 B13UC i7 13620H (1411VN)
2025-01-23 11:25:13,856 - INFO - Processing product 233/331: Dell Inspiron 16 5640 Core 7 150U (N6I7512W1) (https://www.thegioididong.com/laptop/dell-inspiron-16-5640-core-7-n6i7512w1)
2025-01-23 11:25:14,249 - INFO - Successfully processed product: Dell Inspiron 16 5640 Core 7 150U (N6I7512W1)
2025-01-23 11:25:16,315 - INFO - Processing product 234/331: Dell Inspiron 16 5640 Core 7 150U (KHPF5) (https://www.thegioididong.com/laptop/dell-inspiron-16-5640-core-7-khpf5)
2025-01-23 11:25:17,187 - INFO - Successfully processed product: Dell Inspiron 16 5640 Core 7 150U (KHPF5)
2025-01-23 11:25:18,825 - INFO - Processing product 235/331: Asus Vivobook 16 X1605VA i5 1335U (MB360W) (https://www.thegioididong.com/laptop/asus-vivobook-16-x1605va-i5-mb360w?utm_flashsale=1)
2025-01-23 11:25:19,967 - INFO - Successfully processed product: Asus Vivobook 16 X1605VA i5 1335U (MB360W)
2025-01-23 11:25:22,518 - INFO - Processing product 236/331: Dell Inspiron 15 3520 i5 1235U (N3520-i5U085W11SLU) (https://www.thegioididong.com/laptop/dell-inspiron-15-3520-i5-n3520-i5u085w11slu)
2025-01-23 11:25:23,826 - INFO - Successfully processed product: Dell Inspiron 15 3520 i5 1235U (N3520-i5U085W11SLU)
2025-01-23 11:25:26,521 - INFO - Processing product 237/331: Dell Inspiron 15 3520 i5 1235U (i5U085W11BLU) (https://www.thegioididong.com/laptop/dell-inspiron-15-3520-i5u085w11blu?utm_flashsale=1)
2025-01-23 11:25:27,231 - INFO - Successfully processed product: Dell Inspiron 15 3520 i5 1235U (i5U085W11BLU)
2025-01-23 11:25:28,656 - INFO - Processing product 238/331: Dell Inspiron 15 3520 i5 1235U (71027003) (https://www.thegioididong.com/laptop/dell-inspiron-15-3520-i5-71027003)
2025-01-23 11:25:29,514 - INFO - Successfully processed product: Dell Inspiron 15 3520 i5 1235U (71027003)
2025-01-23 11:25:31,008 - INFO - Processing product 239/331: Dell Inspiron 15 3520 i7 1255U (N3520-i7U165W11BLU-FP) (https://www.thegioididong.com/laptop/dell-inspiron-15-3520-i7-n3520i7u165w11blufp)
2025-01-23 11:25:31,697 - INFO - Successfully processed product: Dell Inspiron 15 3520 i7 1255U (N3520-i7U165W11BLU-FP)
2025-01-23 11:25:34,101 - INFO - Processing product 240/331: Dell Inspiron 15 3520 i5 1235U (https://www.thegioididong.com/laptop/dell-inspiron-15-3520-i5-25p231)
2025-01-23 11:25:34,574 - INFO - Successfully processed product: Dell Inspiron 15 3520 i5 1235U
2025-01-23 11:25:35,799 - INFO - Processing product 241/331: Dell Inspiron 15 3520 i5 1235U (N3520-i5U165W11BLU-FP) (https://www.thegioididong.com/laptop/dell-inspiron-15-3520-i5-n3520i5u165w11blufp)
2025-01-23 11:25:36,378 - INFO - Successfully processed product: Dell Inspiron 15 3520 i5 1235U (N3520-i5U165W11BLU-FP)
2025-01-23 11:25:39,181 - INFO - Processing product 242/331: Dell Inspiron 15 3520 i5 1235U (71043883) (https://www.thegioididong.com/laptop/dell-inspiron-15-3520-i5-71043883)
2025-01-23 11:25:39,571 - INFO - Successfully processed product: Dell Inspiron 15 3520 i5 1235U (71043883)
2025-01-23 11:25:40,813 - INFO - Processing product 243/331: Dell Vostro 3520 i5 1235U (71030559) (https://www.thegioididong.com/laptop/dell-vostro-3520-i5-71030559)
2025-01-23 11:25:41,893 - INFO - Successfully processed product: Dell Vostro 3520 i5 1235U (71030559)
2025-01-23 11:25:44,386 - INFO - Processing product 244/331: Dell Vostro 15 3520 i5 1235U (V3520-i5U165W11GRU) (https://www.thegioididong.com/laptop/dell-vostro-15-3520-i5-v3520i5u165w11gru)
2025-01-23 11:25:45,040 - INFO - Successfully processed product: Dell Vostro 15 3520 i5 1235U (V3520-i5U165W11GRU)
2025-01-23 11:25:46,941 - INFO - Processing product 245/331: Dell Vostro 15 3520 i5 1235U (i5U165W11GRU) (https://www.thegioididong.com/laptop/dell-vostro-15-3520-i5-i5u165w11gru)
2025-01-23 11:25:47,319 - INFO - Successfully processed product: Dell Vostro 15 3520 i5 1235U (i5U165W11GRU)
2025-01-23 11:25:49,755 - INFO - Processing product 246/331: Dell Inspiron 15 3520 i5 1235U (N5I5011W1) (https://www.thegioididong.com/laptop/dell-inspiron-15-3520-i5-n5i5011w1)
2025-01-23 11:25:50,751 - INFO - Successfully processed product: Dell Inspiron 15 3520 i5 1235U (N5I5011W1)
2025-01-23 11:25:52,254 - INFO - Processing product 247/331: MSI Gaming Cyborg 15 AI A1VEK Ultra 7 155H (053VN) (https://www.thegioididong.com/laptop/msi-gaming-cyborg-15-ai-a1vek-ultra-7-053vn)
2025-01-23 11:25:53,817 - INFO - Successfully processed product: MSI Gaming Cyborg 15 AI A1VEK Ultra 7 155H (053VN)
2025-01-23 11:25:56,612 - INFO - Processing product 248/331: MSI Cyborg 15 A13VFK i7 13620H (876VN) (https://www.thegioididong.com/laptop/msi-cyborg-15-a13vfk-i7-876vn)
2025-01-23 11:25:58,287 - INFO - Successfully processed product: MSI Cyborg 15 A13VFK i7 13620H (876VN)
2025-01-23 11:25:59,693 - INFO - Processing product 249/331: MSI Gaming Cyborg 15 A13VEK i7 13620H (1423VN) (https://www.thegioididong.com/laptop/msi-cyborg-15-a13vek-i7-1423vn)
2025-01-23 11:26:01,246 - INFO - Successfully processed product: MSI Gaming Cyborg 15 A13VEK i7 13620H (1423VN)
2025-01-23 11:26:03,734 - INFO - Processing product 250/331: Dell Inspiron 16 5640 Core 7 150U (N5640-C7U161W11IBU) (https://www.thegioididong.com/laptop/dell-inspiron-16-5640-core-7-n5640c7u161w11ibu)
2025-01-23 11:26:04,150 - INFO - Successfully processed product: Dell Inspiron 16 5640 Core 7 150U (N5640-C7U161W11IBU)
2025-01-23 11:26:06,965 - INFO - Processing product 251/331: MSI Gaming Stealth 16 Mercedes AMG A1VGG Ultra 9 185H (293VN) (https://www.thegioididong.com/laptop/msi-stealth-16-mercedes-amg-a1vgg-ultra-9-293vn)
2025-01-23 11:26:07,413 - INFO - Successfully processed product: MSI Gaming Stealth 16 Mercedes AMG A1VGG Ultra 9 185H (293VN)
2025-01-23 11:26:10,052 - INFO - Processing product 252/331: Asus TUF Gaming Dash F15 FX517ZE i5 12450H (HN045W) (https://www.thegioididong.com/laptop/asus-tuf-gaming-fx517ze-i5-hn045w)
2025-01-23 11:26:13,606 - INFO - Successfully processed product: Asus TUF Gaming Dash F15 FX517ZE i5 12450H (HN045W)
2025-01-23 11:26:15,294 - INFO - Processing product 253/331: Asus ROG Flow X16 GV601VV i9 13900H (NF044W) (https://www.thegioididong.com/laptop/asus-rog-flow-x16-gv601vv-i9-nf044w)
2025-01-23 11:26:17,109 - INFO - Successfully processed product: Asus ROG Flow X16 GV601VV i9 13900H (NF044W)
2025-01-23 11:26:19,611 - INFO - Processing product 254/331: Acer Gaming Nitro V ANV15 51 57B2 i5 13420H (NH.QN8SV.001) (https://www.thegioididong.com/laptop/acer-nitro-v-anv15-51-57b2-i5-nhqn8sv001?utm_flashsale=1)
2025-01-23 11:26:20,086 - INFO - Successfully processed product: Acer Gaming Nitro V ANV15 51 57B2 i5 13420H (NH.QN8SV.001)
2025-01-23 11:26:22,970 - INFO - Processing product 255/331: Acer Gaming Nitro V ANV15 51 58AN i5 13420H (NH.QNASV.001) (https://www.thegioididong.com/laptop/acer-nitro-v-anv15-51-58an-i5-nhqnasv001)
2025-01-23 11:26:24,421 - INFO - Successfully processed product: Acer Gaming Nitro V ANV15 51 58AN i5 13420H (NH.QNASV.001)
2025-01-23 11:26:26,687 - INFO - Processing product 256/331: Acer Gaming Nitro V ANV15 51 55CA i5 13420H (NH.QN8SV.004) (https://www.thegioididong.com/laptop/acer-nitro-v-anv15-51-55ca-i5-nhqn8sv004)
2025-01-23 11:26:27,290 - INFO - Successfully processed product: Acer Gaming Nitro V ANV15 51 55CA i5 13420H (NH.QN8SV.004)
2025-01-23 11:26:30,264 - INFO - Processing product 257/331: Acer Gaming Aspire 7 A715 76G 5806 i5 12450H (NH.QMFSV.002) (https://www.thegioididong.com/laptop/acer-aspire-7-gaming-a715-76g-5806-i5-nhqmfsv002)
2025-01-23 11:26:30,704 - INFO - Successfully processed product: Acer Gaming Aspire 7 A715 76G 5806 i5 12450H (NH.QMFSV.002)
2025-01-23 11:26:31,899 - INFO - Processing product 258/331: Acer Gaming Nitro V ANV15 51 53NE i5 13420H (NH.QNASV.002) (https://www.thegioididong.com/laptop/acer-nitro-v-anv15-51-53ne-i5-nhqnasv002)
2025-01-23 11:26:32,352 - INFO - Successfully processed product: Acer Gaming Nitro V ANV15 51 53NE i5 13420H (NH.QNASV.002)
2025-01-23 11:26:34,464 - INFO - Processing product 259/331: Acer Aspire 7 A715 76 53PJ i5 12450H (NH.QGESV.007) (https://www.thegioididong.com/laptop/acer-aspire-7-a715-76-53pj-i5-nhqgesv007)
2025-01-23 11:26:36,199 - INFO - Successfully processed product: Acer Aspire 7 A715 76 53PJ i5 12450H (NH.QGESV.007)
2025-01-23 11:26:38,339 - INFO - Processing product 260/331: MSI Stealth A16 AI+ A3XVGG R9 AI HX 370 (208VN) (https://www.thegioididong.com/laptop/msi-stealth-a16-ai-a3xvgg-r9-ai-hx-370-208vn)
2025-01-23 11:26:40,003 - INFO - Successfully processed product: MSI Stealth A16 AI+ A3XVGG R9 AI HX 370 (208VN)
2025-01-23 11:26:41,412 - INFO - Processing product 261/331: MacBook Pro 16 inch M3 Pro (https://www.thegioididong.com/laptop/apple-macbook-pro-16-inch-m3-pro-2023-12-core)
2025-01-23 11:26:43,167 - INFO - Successfully processed product: MacBook Pro 16 inch M3 Pro
2025-01-23 11:26:44,441 - INFO - Processing product 262/331: Apple MacBook Pro 16 inch Nano M4 Pro 24GB/512GB (https://www.thegioididong.com/laptop/macbook-pro-16-nano-m4-pro-24-512)
2025-01-23 11:26:45,491 - INFO - Successfully processed product: Apple MacBook Pro 16 inch Nano M4 Pro 24GB/512GB
2025-01-23 11:26:46,680 - INFO - Processing product 263/331: MacBook Pro 16 inch M4 Pro 24GB/512GB (https://www.thegioididong.com/laptop/macbook-pro-16-inch-m4-pro-24gb-512gb)
2025-01-23 11:26:48,642 - INFO - Successfully processed product: MacBook Pro 16 inch M4 Pro 24GB/512GB
2025-01-23 11:26:51,533 - INFO - Processing product 264/331: Apple MacBook Pro 16 inch Nano M4 Max 36GB/1TB (https://www.thegioididong.com/laptop/macbook-pro-16-nano-m4-max-36-1t)
2025-01-23 11:26:52,001 - INFO - Successfully processed product: Apple MacBook Pro 16 inch Nano M4 Max 36GB/1TB
2025-01-23 11:26:54,415 - INFO - Processing product 265/331: Asus TUF Gaming F15 FX507ZC4 i5 12500H (HN074W) (https://www.thegioididong.com/laptop/asus-tuf-gaming-f15-fx507zc4-i5-hn074w)
2025-01-23 11:26:55,040 - INFO - Successfully processed product: Asus TUF Gaming F15 FX507ZC4 i5 12500H (HN074W)
2025-01-23 11:26:56,367 - INFO - Processing product 266/331: Asus TUF Gaming F15 FX507VV i7 13620H (LP151W) (https://www.thegioididong.com/laptop/asus-fx507vv-i7-lp151w)
2025-01-23 11:26:57,181 - INFO - Successfully processed product: Asus TUF Gaming F15 FX507VV i7 13620H (LP151W)
2025-01-23 11:26:59,887 - INFO - Processing product 267/331: ASUS TUF Gaming A15 FA507UV R7 8845HS (LP142W) (https://www.thegioididong.com/laptop/asus-fa507uv-r7-lp142w)
2025-01-23 11:27:01,731 - INFO - Successfully processed product: ASUS TUF Gaming A15 FA507UV R7 8845HS (LP142W)
2025-01-23 11:27:02,929 - INFO - Processing product 268/331: Asus TUF Gaming A15 FA507NV R7 7735HS (LP031W) (https://www.thegioididong.com/laptop/asus-tuf-gaming-a15-fa507nv-r7-lp031w)
2025-01-23 11:27:03,965 - INFO - Successfully processed product: Asus TUF Gaming A15 FA507NV R7 7735HS (LP031W)
2025-01-23 11:27:06,538 - INFO - Processing product 269/331: Asus TUF Gaming F15 FX507VU i7 13620H (LP167W) (https://www.thegioididong.com/laptop/asus-tuf-gaming-f15-fx507vu-i7-lp167w)
2025-01-23 11:27:10,256 - INFO - Successfully processed product: Asus TUF Gaming F15 FX507VU i7 13620H (LP167W)
2025-01-23 11:27:12,927 - INFO - Processing product 270/331: Asus TUF Gaming F15 FX507VU i7 13620H (LP186W) (https://www.thegioididong.com/laptop/asus-fx507vu-i7-lp186w)
2025-01-23 11:27:14,431 - INFO - Successfully processed product: Asus TUF Gaming F15 FX507VU i7 13620H (LP186W)
2025-01-23 11:27:16,224 - INFO - Processing product 271/331: Asus TUF Gaming A15 FA507NVR R7 7435HS (LP007W) (https://www.thegioididong.com/laptop/asus-fa507nvr-r7-lp007w)
2025-01-23 11:27:17,358 - INFO - Successfully processed product: Asus TUF Gaming A15 FA507NVR R7 7435HS (LP007W)
2025-01-23 11:27:19,127 - INFO - Processing product 272/331: Asus TUF Gaming A15 FA507NUR R7 7435HS (LP057W) (https://www.thegioididong.com/laptop/asus-fa507nur-r7-lp057w)
2025-01-23 11:27:19,842 - INFO - Successfully processed product: Asus TUF Gaming A15 FA507NUR R7 7435HS (LP057W)
2025-01-23 11:27:21,550 - INFO - Processing product 273/331: Asus TUF Gaming A15 FA507NU R5 7535HS (LP105W) (https://www.thegioididong.com/laptop/asus-tuf-gaming-a15-fa507nu-r5-lp105w)
2025-01-23 11:27:22,911 - INFO - Successfully processed product: Asus TUF Gaming A15 FA507NU R5 7535HS (LP105W)
2025-01-23 11:27:25,820 - INFO - Processing product 274/331: Asus TUF Gaming F15 FX507ZC4 i7 12700H (HN181W) (https://www.thegioididong.com/laptop/asus-fx507zc4-i7-hn181w)
2025-01-23 11:27:26,673 - INFO - Successfully processed product: Asus TUF Gaming F15 FX507ZC4 i7 12700H (HN181W)
2025-01-23 11:27:28,699 - INFO - Processing product 275/331: Asus TUF Gaming F15 FX507ZC4 i5 12500H (HN229W) (https://www.thegioididong.com/laptop/asus-tuf-gaming-f15-fx507zc4-i5-hn229w)
2025-01-23 11:27:29,678 - INFO - Successfully processed product: Asus TUF Gaming F15 FX507ZC4 i5 12500H (HN229W)
2025-01-23 11:27:31,529 - INFO - Processing product 276/331: Asus TUF Gaming F15 FX507ZC4 i5 12500H (HN330W) (https://www.thegioididong.com/laptop/asus-gaming-tuf-f15-fx507zc4-i5-hn330w)
2025-01-23 11:27:32,144 - INFO - Successfully processed product: Asus TUF Gaming F15 FX507ZC4 i5 12500H (HN330W)
2025-01-23 11:27:34,739 - INFO - Processing product 277/331: Lenovo Legion 7 16IRX9 i9 14900H (https://www.thegioididong.com/laptop/lenovo-legion-7-16irx9-i9-83fd004mvn)
2025-01-23 11:27:36,438 - INFO - Successfully processed product: Lenovo Legion 7 16IRX9 i9 14900H
2025-01-23 11:27:39,436 - INFO - Processing product 278/331: MSI Gaming Katana A15 AI B8VG R9 8945HS (466VN) (https://www.thegioididong.com/laptop/msi-katana-a15-ai-b8vg-r9-466vn)
2025-01-23 11:27:40,660 - INFO - Successfully processed product: MSI Gaming Katana A15 AI B8VG R9 8945HS (466VN)
2025-01-23 11:27:42,527 - INFO - Processing product 279/331: MSI Gaming Katana A15 AI B8VG R7 8845HS (465VN) (https://www.thegioididong.com/laptop/msi-katana-a15-ai-b8vg-r7-465vn)
2025-01-23 11:27:44,070 - INFO - Successfully processed product: MSI Gaming Katana A15 AI B8VG R7 8845HS (465VN)
2025-01-23 11:27:45,075 - INFO - Processing product 280/331: MSI Gaming Katana 15 B13VGK i7 13620H (1211VN) (https://www.thegioididong.com/laptop/msi-gaming-katana-15-b13vgk-i7-1211vn)
2025-01-23 11:27:46,582 - INFO - Successfully processed product: MSI Gaming Katana 15 B13VGK i7 13620H (1211VN)
2025-01-23 11:27:48,986 - INFO - Processing product 281/331: MSI Gaming Katana A15 AI B8VF R7 8845HS (419VN) (https://www.thegioididong.com/laptop/msi-gaming-katana-a15-ai-b8vf-r7-419vn)
2025-01-23 11:27:49,423 - INFO - Successfully processed product: MSI Gaming Katana A15 AI B8VF R7 8845HS (419VN)
2025-01-23 11:27:52,020 - INFO - Processing product 282/331: MSI Gaming Katana 15 B13VFK i7 13620H (676VN) (https://www.thegioididong.com/laptop/msi-katana-15-b13vfk-i7-676vn)
2025-01-23 11:27:57,179 - INFO - Successfully processed product: MSI Gaming Katana 15 B13VFK i7 13620H (676VN)
2025-01-23 11:27:59,685 - INFO - Processing product 283/331: MSI Gaming Katana A15 AI B8VE R7 8845HS (402VN) (https://www.thegioididong.com/laptop/msi-gaming-katana-a15-ai-b8ve-r7-402vn)
2025-01-23 11:28:01,087 - INFO - Successfully processed product: MSI Gaming Katana A15 AI B8VE R7 8845HS (402VN)
2025-01-23 11:28:03,905 - INFO - Processing product 284/331: MSI Gaming Katana 15 B13UDXK i7 13620H (2077VN) (https://www.thegioididong.com/laptop/msi-katana-15-b13udxk-i7-2077vn)
2025-01-23 11:28:04,338 - INFO - Successfully processed product: MSI Gaming Katana 15 B13UDXK i7 13620H (2077VN)
2025-01-23 11:28:06,220 - INFO - Processing product 285/331: MSI Gaming Bravo 15 B7ED R5 7535HS (010VN) (https://www.thegioididong.com/laptop/msi-bravo-15-b7ed-r5-010vn)
2025-01-23 11:28:06,815 - INFO - Successfully processed product: MSI Gaming Bravo 15 B7ED R5 7535HS (010VN)
2025-01-23 11:28:08,615 - INFO - Processing product 286/331: HP Gaming VICTUS 15 fa1139TX i5 12450H (8Y6W3PA) (https://www.thegioididong.com/laptop/hp-victus-15-fa1139tx-i5-8y6w3pa)
2025-01-23 11:28:09,365 - INFO - Successfully processed product: HP Gaming VICTUS 15 fa1139TX i5 12450H (8Y6W3PA)
2025-01-23 11:28:10,398 - INFO - Processing product 287/331: HP Gaming VICTUS 15 fb1022AX R5 7535HS (94F19PA) (https://www.thegioididong.com/laptop/hp-victus-15-fb1022ax-r5-94f19pa)
2025-01-23 11:28:10,823 - INFO - Successfully processed product: HP Gaming VICTUS 15 fb1022AX R5 7535HS (94F19PA)
2025-01-23 11:28:13,356 - INFO - Processing product 288/331: Asus TUF Gaming F15 FX506HF i5 11400H (HN014W) (https://www.thegioididong.com/laptop/asus-tuf-gaming-f15-fx506hf-i5-hn014w)
2025-01-23 11:28:14,600 - INFO - Successfully processed product: Asus TUF Gaming F15 FX506HF i5 11400H (HN014W)
2025-01-23 11:28:15,668 - INFO - Processing product 289/331: Asus TUF Gaming A15 FA506NCR R7 7435HS (HN097W) (https://www.thegioididong.com/laptop/asus-fa506ncr-r7-hn097w)
2025-01-23 11:28:16,298 - INFO - Successfully processed product: Asus TUF Gaming A15 FA506NCR R7 7435HS (HN097W)
2025-01-23 11:28:18,972 - INFO - Processing product 290/331: Asus TUF Gaming A15 FA506NC R5 7535HS (HN017W) (https://www.thegioididong.com/laptop/asus-tuf-gaming-a15-fa506nc-r5-hn017w)
2025-01-23 11:28:21,844 - INFO - Successfully processed product: Asus TUF Gaming A15 FA506NC R5 7535HS (HN017W)
2025-01-23 11:28:23,601 - INFO - Processing product 291/331: Asus TUF Gaming A15 FA506NFR R7 7435HS (HN113W) (https://www.thegioididong.com/laptop/asus-fa506nfr-r7-hn113w)
2025-01-23 11:28:25,443 - INFO - Successfully processed product: Asus TUF Gaming A15 FA506NFR R7 7435HS (HN113W)
2025-01-23 11:28:27,628 - INFO - Processing product 292/331: Asus TUF Gaming A15 FA506NF R5 7535HS (HN012W) (https://www.thegioididong.com/laptop/asus-tuf-gaming-a15-fa506nf-r5-hn012w)
2025-01-23 11:28:28,671 - INFO - Successfully processed product: Asus TUF Gaming A15 FA506NF R5 7535HS (HN012W)
2025-01-23 11:28:30,624 - INFO - Processing product 293/331: MSI Gaming Sword 16 HX B14VFKG i7 14700HX (045VN) (https://www.thegioididong.com/laptop/msi-gaming-sword-16-hx-b14vfkg-i7-045vn)
2025-01-23 11:28:31,303 - INFO - Successfully processed product: MSI Gaming Sword 16 HX B14VFKG i7 14700HX (045VN)
2025-01-23 11:28:34,107 - INFO - Processing product 294/331: Lenovo Gaming Legion Slim 5 16AHP9 R7 8845HS (83DH003BVN) (https://www.thegioididong.com/laptop/lenovo-legion-slim-5-16ahp9-r7-83dh003bvn)
2025-01-23 11:28:35,547 - INFO - Successfully processed product: Lenovo Gaming Legion Slim 5 16AHP9 R7 8845HS (83DH003BVN)
2025-01-23 11:28:37,882 - INFO - Processing product 295/331: HP VICTUS 16 r0283TX i5 13500H (AD9T3PA) (https://www.thegioididong.com/laptop/hp-victus-16-r0283tx-i5-ad9t3pa)
2025-01-23 11:28:39,117 - INFO - Successfully processed product: HP VICTUS 16 r0283TX i5 13500H (AD9T3PA)
2025-01-23 11:28:41,222 - INFO - Processing product 296/331: HP Gaming VICTUS 16 s0173AX R5 7640HS (A9LG9PA) (https://www.thegioididong.com/laptop/hp-victus-16-s0173ax-r5-a9lg9pa)
2025-01-23 11:28:42,437 - INFO - Successfully processed product: HP Gaming VICTUS 16 s0173AX R5 7640HS (A9LG9PA)
2025-01-23 11:28:43,555 - INFO - Processing product 297/331: HP Gaming VICTUS 16 s0078AX R5 7640HS (8C5N7PA) (https://www.thegioididong.com/laptop/hp-victus-16-s0078ax-r5-8c5n7pa?utm_flashsale=1)
2025-01-23 11:28:44,837 - INFO - Successfully processed product: HP Gaming VICTUS 16 s0078AX R5 7640HS (8C5N7PA)
2025-01-23 11:28:46,856 - INFO - Processing product 298/331: HP VICTUS 16 r0127TX i7 13700H (8C5N2PA) (https://www.thegioididong.com/laptop/hp-victus-16-r0127tx-i7-8c5n2pa)
2025-01-23 11:28:47,393 - INFO - Successfully processed product: HP VICTUS 16 r0127TX i7 13700H (8C5N2PA)
2025-01-23 11:28:50,057 - INFO - Processing product 299/331: HP Gaming VICTUS 16 s0138AX R7 7840HS (9Q985PA) (https://www.thegioididong.com/laptop/hp-victus-16-s0138ax-r7-9q985pa)
2025-01-23 11:28:51,121 - INFO - Successfully processed product: HP Gaming VICTUS 16 s0138AX R7 7840HS (9Q985PA)
2025-01-23 11:28:53,045 - INFO - Processing product 300/331: HP Gaming VICTUS 16 s0139AX R7 7840HS (9Q986PA) (https://www.thegioididong.com/laptop/hp-victus-16-s0139ax-r7-9q986pa)
2025-01-23 11:28:53,740 - INFO - Successfully processed product: HP Gaming VICTUS 16 s0139AX R7 7840HS (9Q986PA)
2025-01-23 11:28:56,418 - INFO - Processing product 301/331: HP Gaming VICTUS 16 s0140AX R7 7840HS (9Q987PA) (https://www.thegioididong.com/laptop/hp-victus-16-s0140ax-r7-9q987pa)
2025-01-23 11:28:57,761 - INFO - Successfully processed product: HP Gaming VICTUS 16 s0140AX R7 7840HS (9Q987PA)
2025-01-23 11:28:59,807 - INFO - Processing product 302/331: HP Gaming VICTUS 16 r0227TX i5 13500H (9Q978PA) (https://www.thegioididong.com/laptop/hp-victus-16-r0227tx-i5-9q978pa)
2025-01-23 11:29:01,083 - INFO - Successfully processed product: HP Gaming VICTUS 16 r0227TX i5 13500H (9Q978PA)
2025-01-23 11:29:02,610 - INFO - Processing product 303/331: HP Gaming VICTUS 16 r0228TX i5 13500H (9Q979PA) (https://www.thegioididong.com/laptop/hp-victus-16-r0228tx-i5-9q979pa)
2025-01-23 11:29:04,164 - INFO - Successfully processed product: HP Gaming VICTUS 16 r0228TX i5 13500H (9Q979PA)
2025-01-23 11:29:06,629 - INFO - Processing product 304/331: HP Gaming VICTUS 16 s0077AX R7 7840HS (8C5N6PA) (https://www.thegioididong.com/laptop/hp-gaming-victus-16-s0077ax-r7-8c5n6pa)
2025-01-23 11:29:07,540 - INFO - Successfully processed product: HP Gaming VICTUS 16 s0077AX R7 7840HS (8C5N6PA)
2025-01-23 11:29:10,497 - INFO - Processing product 305/331: HP Gaming VICTUS 16 r0128TX i5 13450HX (8C5N3PA) (https://www.thegioididong.com/laptop/hp-gaming-victus-16-r0128tx-i5-8c5n3pa)
2025-01-23 11:29:11,937 - INFO - Successfully processed product: HP Gaming VICTUS 16 r0128TX i5 13450HX (8C5N3PA)
2025-01-23 11:29:14,873 - INFO - Processing product 306/331: HP Gaming VICTUS 16 r0130TX i5 13500H (8C5N5PA) (https://www.thegioididong.com/laptop/hp-gaming-victus-16-r0130tx-i5-8c5n5pa?utm_flashsale=1)
2025-01-23 11:29:15,857 - INFO - Successfully processed product: HP Gaming VICTUS 16 r0130TX i5 13500H (8C5N5PA)
2025-01-23 11:29:17,609 - INFO - Processing product 307/331: Lenovo Gaming Legion 5 16IRX9 i7 14650HX (83DG0051VN) (https://www.thegioididong.com/laptop/lenovo-legion-5-16irx9-i7-83dg0051vn)
2025-01-23 11:29:19,618 - INFO - Successfully processed product: Lenovo Gaming Legion 5 16IRX9 i7 14650HX (83DG0051VN)
2025-01-23 11:29:20,655 - INFO - Processing product 308/331: HP OMEN 16 xf0070AX R9 7940HS (8W945PA) (https://www.thegioididong.com/laptop/hp-omen-16-xf0070ax-r9-8w945pa)
2025-01-23 11:29:21,697 - INFO - Successfully processed product: HP OMEN 16 xf0070AX R9 7940HS (8W945PA)
2025-01-23 11:29:24,454 - INFO - Processing product 309/331: HP OMEN 16 xf0071AX R7 7840HS (8W946PA) (https://www.thegioididong.com/laptop/hp-omen-16-xf0071ax-r7-8w946pa)
2025-01-23 11:29:25,463 - INFO - Successfully processed product: HP OMEN 16 xf0071AX R7 7840HS (8W946PA)
2025-01-23 11:29:28,248 - INFO - Processing product 310/331: Lenovo Gaming LOQ 15IRX9 i7 13650HX (83DV00D5VN) (https://www.thegioididong.com/laptop/lenovo-loq-15irx9-i7-83dv00d5vn)
2025-01-23 11:29:29,174 - INFO - Successfully processed product: Lenovo Gaming LOQ 15IRX9 i7 13650HX (83DV00D5VN)
2025-01-23 11:29:31,815 - INFO - Processing product 311/331: Lenovo Gaming LOQ 15IAX9 i5 12450HX (83GS000JVN) (https://www.thegioididong.com/laptop/lenovo-loq-gaming-15iax9-i5-83gs000jvn)
2025-01-23 11:29:32,250 - INFO - Successfully processed product: Lenovo Gaming LOQ 15IAX9 i5 12450HX (83GS000JVN)
2025-01-23 11:29:34,338 - INFO - Processing product 312/331: Lenovo Gaming LOQ 15IRX9 i7 13650HX (83DV00UGVN) (https://www.thegioididong.com/laptop/lenovo-loq-15irx9-i7-83dv00ugvn)
2025-01-23 11:29:34,666 - INFO - Successfully processed product: Lenovo Gaming LOQ 15IRX9 i7 13650HX (83DV00UGVN)
2025-01-23 11:29:36,283 - INFO - Processing product 313/331: Lenovo Gaming LOQ 15ARP9 R7 7435HS (83JC003YVN) (https://www.thegioididong.com/laptop/lenovo-loq-15iax9-i5-83jc003yvn)
2025-01-23 11:29:38,602 - INFO - Successfully processed product: Lenovo Gaming LOQ 15ARP9 R7 7435HS (83JC003YVN)
2025-01-23 11:29:39,931 - INFO - Processing product 314/331: Lenovo Gaming LOQ 15ARP9 R7 7435HS (83JC0040VN) (https://www.thegioididong.com/laptop/lenovo-loq-15arp9-r7-83jc0040vn)
2025-01-23 11:29:40,301 - INFO - Successfully processed product: Lenovo Gaming LOQ 15ARP9 R7 7435HS (83JC0040VN)
2025-01-23 11:29:42,737 - INFO - Processing product 315/331: Lenovo Gaming LOQ 15IAX9 i5 12450HX (83GS00D9VN) (https://www.thegioididong.com/laptop/lenovo-loq-15iax9-i5-83gs00d9vn)
2025-01-23 11:29:45,244 - INFO - Successfully processed product: Lenovo Gaming LOQ 15IAX9 i5 12450HX (83GS00D9VN)
2025-01-23 11:29:47,197 - INFO - Processing product 316/331: Lenovo Gaming LOQ 15IAX9 i5 12450HX (83GS00DBVN) (https://www.thegioididong.com/laptop/lenovo-loq-15iax9-i5-83gs00dbvn)
2025-01-23 11:29:48,317 - INFO - Successfully processed product: Lenovo Gaming LOQ 15IAX9 i5 12450HX (83GS00DBVN)
2025-01-23 11:29:51,211 - INFO - Processing product 317/331: MSI Creator M16 HX C14VFG i7 14700HX (040VN) (https://www.thegioididong.com/laptop/msi-creator-m16-hx-c14vfg-i7-040vn)
2025-01-23 11:29:53,051 - INFO - Successfully processed product: MSI Creator M16 HX C14VFG i7 14700HX (040VN)
2025-01-23 11:29:55,410 - INFO - Processing product 318/331: MSI Creator Z17 HX Studio A14VGT i7 14700HX (272VN) (https://www.thegioididong.com/laptop/msi-creator-z17-hx-studio-a14vgt-i7-272vn)
2025-01-23 11:29:56,402 - INFO - Successfully processed product: MSI Creator Z17 HX Studio A14VGT i7 14700HX (272VN)
2025-01-23 11:29:57,620 - INFO - Processing product 319/331: Acer Gaming Nitro 5 Tiger AN515 58 773Y i7 12700H (NH.QFKSV.001) (https://www.thegioididong.com/laptop/acer-nitro-5-tiger-an515-58-773y-i7-nhqfksv001)
2025-01-23 11:29:57,946 - INFO - Successfully processed product: Acer Gaming Nitro 5 Tiger AN515 58 773Y i7 12700H (NH.QFKSV.001)
2025-01-23 11:30:00,738 - INFO - Processing product 320/331: Acer Gaming Nitro 5 Tiger AN515 58 769J i7 12700H (NH.QFHSV.003) (https://www.thegioididong.com/laptop/acer-nitro-5-an515-58-769j-i7-nhqfhsv003?utm_flashsale=1)
2025-01-23 11:30:06,350 - INFO - Successfully processed product: Acer Gaming Nitro 5 Tiger AN515 58 769J i7 12700H (NH.QFHSV.003)
2025-01-23 11:30:08,175 - INFO - Processing product 321/331: Acer Gaming Nitro 5 Tiger AN515 58 52SP i5 12500H (NH.QFHSV.001) (https://www.thegioididong.com/laptop/acer-nitro-5-tiger-an515-58-52sp-i5-nhqfhsv001?utm_flashsale=1)
2025-01-23 11:30:08,820 - INFO - Successfully processed product: Acer Gaming Nitro 5 Tiger AN515 58 52SP i5 12500H (NH.QFHSV.001)
2025-01-23 11:30:10,065 - INFO - Processing product 322/331: Acer Gaming Nitro AN515 58 773Y i7 12700H (NH.QFKSV.001.16G) (https://www.thegioididong.com/laptop/acer-nitro-an515-58-773y-i7-12700h-nhqfksv00116g)
2025-01-23 11:30:11,308 - INFO - Successfully processed product: Acer Gaming Nitro AN515 58 773Y i7 12700H (NH.QFKSV.001.16G)
2025-01-23 11:30:12,388 - INFO - Processing product 323/331: Acer Nitro V 16 ProPanel ANV16 41 R6ZY R5 8645HS (NH.QP2SV.002) (https://www.thegioididong.com/laptop/acer-nitro-v-16-propanel-anv16-41-r6zy-r5-nhqp2sv002)
2025-01-23 11:30:15,042 - INFO - Successfully processed product: Acer Nitro V 16 ProPanel ANV16 41 R6ZY R5 8645HS (NH.QP2SV.002)
2025-01-23 11:30:17,610 - INFO - Processing product 324/331: Lenovo Gaming Legion Pro 5 16IRX9 i9 14900HX (83DF0046VN) (https://www.thegioididong.com/laptop/lenovo-legion-pro-5-16irx9-i9-83df0046vn)
2025-01-23 11:30:18,494 - INFO - Successfully processed product: Lenovo Gaming Legion Pro 5 16IRX9 i9 14900HX (83DF0046VN)
2025-01-23 11:30:21,309 - INFO - Processing product 325/331: Lenovo Gaming Legion Pro 5 16IRX9 i9 14900HX (83DF0047VN) (https://www.thegioididong.com/laptop/lenovo-legion-pro-5-16irx9-i9-83df0047vn)
2025-01-23 11:30:22,944 - INFO - Successfully processed product: Lenovo Gaming Legion Pro 5 16IRX9 i9 14900HX (83DF0047VN)
2025-01-23 11:30:24,347 - INFO - Processing product 326/331: Asus ROG Strix G16 G614JV i7 13650HX (N3515W) (https://www.thegioididong.com/laptop/asus-rog-strix-g16-g614jv-i7-n3515w)
2025-01-23 11:30:25,642 - INFO - Successfully processed product: Asus ROG Strix G16 G614JV i7 13650HX (N3515W)
2025-01-23 11:30:28,362 - INFO - Processing product 327/331: Asus ROG Strix G16 G614JU i7 13650HX (N3509W) (https://www.thegioididong.com/laptop/asus-rog-strix-g16-g614ju-i7-n3509w)
2025-01-23 11:30:29,778 - INFO - Successfully processed product: Asus ROG Strix G16 G614JU i7 13650HX (N3509W)
2025-01-23 11:30:31,498 - INFO - Processing product 328/331: Acer Predator Helios Neo PHN16 71 53M7 i5 13500HX (NH.QLUSV.005) (https://www.thegioididong.com/laptop/acer-predator-helios-neo-phn16-71-53m7-i5-nhqlusv005)
2025-01-23 11:30:32,592 - INFO - Successfully processed product: Acer Predator Helios Neo PHN16 71 53M7 i5 13500HX (NH.QLUSV.005)
2025-01-23 11:30:35,541 - INFO - Processing product 329/331: Lenovo Gaming Legion Pro 7 16IRX9H i9 14900HX (83DE001MVN) (https://www.thegioididong.com/laptop/lenovo-legion-pro-7-16irx9h-i9-83de001mvn)
2025-01-23 11:30:36,962 - INFO - Successfully processed product: Lenovo Gaming Legion Pro 7 16IRX9H i9 14900HX (83DE001MVN)
2025-01-23 11:30:38,877 - INFO - Processing product 330/331: Dell G15 5530 i9 13900HX (i9HX161W11GR4060) (https://www.thegioididong.com/laptop/dell-g15-5530-i9-i9hx161w11gr4060)
2025-01-23 11:30:39,375 - INFO - Successfully processed product: Dell G15 5530 i9 13900HX (i9HX161W11GR4060)
2025-01-23 11:30:41,664 - INFO - Processing product 331/331: Dell G15 5530 i7 13650HX (i7HX161W11GR4060) (https://www.thegioididong.com/laptop/dell-g15-5530-i7-i7hx161w11gr4060)
2025-01-23 11:30:42,850 - INFO - Successfully processed product: Dell G15 5530 i7 13650HX (i7HX161W11GR4060)
2025-01-23 11:30:44,414 - INFO - Data successfully saved to ../data/laptop_with_descriptions.xlsx
